{"meta": {"format": 3, "version": "7.14.0", "timestamp": "2026-05-14T09:06:01.125070", "branch_coverage": false, "show_contexts": false}, "files": {"packages/qx-auth/src/qx/auth/__init__.py": {"executed_lines": [3, 5, 12, 13, 14, 23, 24, 25, 27, 29], "summary": {"covered_lines": 10, "num_statements": 10, "percent_covered": 100.0, "percent_covered_display": "100", "missing_lines": 0, "excluded_lines": 0, "percent_statements_covered": 100.0, "percent_statements_covered_display": "100"}, "missing_lines": [], "excluded_lines": [], "functions": {"": {"executed_lines": [3, 5, 12, 13, 14, 23, 24, 25, 27, 29], "summary": {"covered_lines": 10, "num_statements": 10, "percent_covered": 100.0, "percent_covered_display": "100", "missing_lines": 0, "excluded_lines": 0, "percent_statements_covered": 100.0, "percent_statements_covered_display": "100"}, "missing_lines": [], "excluded_lines": [], "start_line": 1}}, "classes": {"": {"executed_lines": [3, 5, 12, 13, 14, 23, 24, 25, 27, 29], "summary": {"covered_lines": 10, "num_statements": 10, "percent_covered": 100.0, "percent_covered_display": "100", "missing_lines": 0, "excluded_lines": 0, "percent_statements_covered": 100.0, "percent_statements_covered_display": "100"}, "missing_lines": [], "excluded_lines": [], "start_line": 1}}}, "packages/qx-auth/src/qx/auth/http/__init__.py": {"executed_lines": [33, 35, 37, 38, 39, 40, 47, 54, 56, 59, 60, 61, 62, 63, 66, 80, 87, 88, 89, 91, 96, 97, 98, 99, 100, 101, 102, 105, 121, 122, 124, 127, 143, 144, 145, 146, 150, 152, 155, 173, 186], "summary": {"covered_lines": 41, "num_statements": 56, "percent_covered": 73.21428571428571, "percent_covered_display": "73", "missing_lines": 15, "excluded_lines": 7, "percent_statements_covered": 73.21428571428571, "percent_statements_covered_display": "73"}, "missing_lines": [181, 182, 183, 184, 191, 192, 194, 195, 196, 198, 199, 200, 210, 211, 212], "excluded_lines": [1, 42, 43, 44, 45, 109, 131], "functions": {"_extract_bearer": {"executed_lines": [60, 61, 62, 63], "summary": {"covered_lines": 4, "num_statements": 4, "percent_covered": 100.0, "percent_covered_display": "100", "missing_lines": 0, "excluded_lines": 0, "percent_statements_covered": 100.0, "percent_statements_covered_display": "100"}, "missing_lines": [], "excluded_lines": [], "start_line": 59}, "JwtAuthMiddleware.__init__": {"executed_lines": [87, 88, 89], "summary": {"covered_lines": 3, "num_statements": 3, "percent_covered": 100.0, "percent_covered_display": "100", "missing_lines": 0, "excluded_lines": 0, "percent_statements_covered": 100.0, "percent_statements_covered_display": "100"}, "missing_lines": [], "excluded_lines": [], "start_line": 80}, "JwtAuthMiddleware.dispatch": {"executed_lines": [96, 97, 98, 99, 100, 101, 102], "summary": {"covered_lines": 7, "num_statements": 7, "percent_covered": 100.0, "percent_covered_display": "100", "missing_lines": 0, "excluded_lines": 0, "percent_statements_covered": 100.0, "percent_statements_covered_display": "100"}, "missing_lines": [], "excluded_lines": [], "start_line": 91}, "get_current_principal": {"executed_lines": [121, 124], "summary": {"covered_lines": 2, "num_statements": 2, "percent_covered": 100.0, "percent_covered_display": "100", "missing_lines": 0, "excluded_lines": 1, "percent_statements_covered": 100.0, "percent_statements_covered_display": "100"}, "missing_lines": [], "excluded_lines": [109], "start_line": 105}, "get_current_principal._dep": {"executed_lines": [122], "summary": {"covered_lines": 1, "num_statements": 1, "percent_covered": 100.0, "percent_covered_display": "100", "missing_lines": 0, "excluded_lines": 0, "percent_statements_covered": 100.0, "percent_statements_covered_display": "100"}, "missing_lines": [], "excluded_lines": [], "start_line": 121}, "require_auth": {"executed_lines": [143, 152], "summary": {"covered_lines": 2, "num_statements": 2, "percent_covered": 100.0, "percent_covered_display": "100", "missing_lines": 0, "excluded_lines": 1, "percent_statements_covered": 100.0, "percent_statements_covered_display": "100"}, "missing_lines": [], "excluded_lines": [131], "start_line": 127}, "require_auth._dep": {"executed_lines": [144, 145, 146, 150], "summary": {"covered_lines": 4, "num_statements": 4, "percent_covered": 100.0, "percent_covered_display": "100", "missing_lines": 0, "excluded_lines": 0, "percent_statements_covered": 100.0, "percent_statements_covered_display": "100"}, "missing_lines": [], "excluded_lines": [], "start_line": 143}, "RateLimitMiddleware.__init__": {"executed_lines": [], "summary": {"covered_lines": 0, "num_statements": 4, "percent_covered": 0.0, "percent_covered_display": "0", "missing_lines": 4, "excluded_lines": 0, "percent_statements_covered": 0.0, "percent_statements_covered_display": "0"}, "missing_lines": [181, 182, 183, 184], "excluded_lines": [], "start_line": 173}, "RateLimitMiddleware.dispatch": {"executed_lines": [], "summary": {"covered_lines": 0, "num_statements": 11, "percent_covered": 0.0, "percent_covered_display": "0", "missing_lines": 11, "excluded_lines": 0, "percent_statements_covered": 0.0, "percent_statements_covered_display": "0"}, "missing_lines": [191, 192, 194, 195, 196, 198, 199, 200, 210, 211, 212], "excluded_lines": [], "start_line": 186}, "": {"executed_lines": [33, 35, 37, 38, 39, 40, 47, 54, 56, 59, 66, 80, 91, 105, 127, 155, 173, 186], "summary": {"covered_lines": 18, "num_statements": 18, "percent_covered": 100.0, "percent_covered_display": "100", "missing_lines": 0, "excluded_lines": 5, "percent_statements_covered": 100.0, "percent_statements_covered_display": "100"}, "missing_lines": [], "excluded_lines": [1, 42, 43, 44, 45], "start_line": 1}}, "classes": {"JwtAuthMiddleware": {"executed_lines": [87, 88, 89, 96, 97, 98, 99, 100, 101, 102], "summary": {"covered_lines": 10, "num_statements": 10, "percent_covered": 100.0, "percent_covered_display": "100", "missing_lines": 0, "excluded_lines": 0, "percent_statements_covered": 100.0, "percent_statements_covered_display": "100"}, "missing_lines": [], "excluded_lines": [], "start_line": 66}, "RateLimitMiddleware": {"executed_lines": [], "summary": {"covered_lines": 0, "num_statements": 15, "percent_covered": 0.0, "percent_covered_display": "0", "missing_lines": 15, "excluded_lines": 0, "percent_statements_covered": 0.0, "percent_statements_covered_display": "0"}, "missing_lines": [181, 182, 183, 184, 191, 192, 194, 195, 196, 198, 199, 200, 210, 211, 212], "excluded_lines": [], "start_line": 155}, "": {"executed_lines": [33, 35, 37, 38, 39, 40, 47, 54, 56, 59, 60, 61, 62, 63, 66, 80, 91, 105, 121, 122, 124, 127, 143, 144, 145, 146, 150, 152, 155, 173, 186], "summary": {"covered_lines": 31, "num_statements": 31, "percent_covered": 100.0, "percent_covered_display": "100", "missing_lines": 0, "excluded_lines": 7, "percent_statements_covered": 100.0, "percent_statements_covered_display": "100"}, "missing_lines": [], "excluded_lines": [1, 42, 43, 44, 45, 109, 131], "start_line": 1}}}, "packages/qx-auth/src/qx/auth/jwt/__init__.py": {"executed_lines": [24, 26, 27, 28, 29, 31, 32, 33, 34, 35, 36, 42, 50, 51, 59, 60, 61, 62, 63, 64, 65, 66, 67, 69, 72, 75, 79, 80, 83, 84, 89, 90, 91, 92, 93, 94, 97, 100, 107, 108, 109, 110, 112, 118, 120, 121, 139, 140, 149, 150, 157, 158, 165, 166, 173, 174, 183, 184, 185, 186, 187, 205, 206, 216, 217, 218, 230, 231, 232, 233, 235, 246, 248], "summary": {"covered_lines": 73, "num_statements": 89, "percent_covered": 82.02247191011236, "percent_covered_display": "82", "missing_lines": 16, "excluded_lines": 0, "percent_statements_covered": 82.02247191011236, "percent_statements_covered_display": "82"}, "missing_lines": [70, 73, 76, 122, 123, 130, 131, 193, 195, 207, 208, 219, 220, 221, 223, 249], "excluded_lines": [], "functions": {"Principal.has_role": {"executed_lines": [], "summary": {"covered_lines": 0, "num_statements": 1, "percent_covered": 0.0, "percent_covered_display": "0", "missing_lines": 1, "excluded_lines": 0, "percent_statements_covered": 0.0, "percent_statements_covered_display": "0"}, "missing_lines": [70], "excluded_lines": [], "start_line": 69}, "Principal.has_permission": {"executed_lines": [], "summary": {"covered_lines": 0, "num_statements": 1, "percent_covered": 0.0, "percent_covered_display": "0", "missing_lines": 1, "excluded_lines": 0, "percent_statements_covered": 0.0, "percent_statements_covered_display": "0"}, "missing_lines": [73], "excluded_lines": [], "start_line": 72}, "Principal.has_scope": {"executed_lines": [], "summary": {"covered_lines": 0, "num_statements": 1, "percent_covered": 0.0, "percent_covered_display": "0", "missing_lines": 1, "excluded_lines": 0, "percent_statements_covered": 0.0, "percent_statements_covered_display": "0"}, "missing_lines": [76], "excluded_lines": [], "start_line": 75}, "JwtValidator.__init__": {"executed_lines": [107, 108, 109, 110, 112], "summary": {"covered_lines": 5, "num_statements": 5, "percent_covered": 100.0, "percent_covered_display": "100", "missing_lines": 0, "excluded_lines": 0, "percent_statements_covered": 100.0, "percent_statements_covered_display": "100"}, "missing_lines": [], "excluded_lines": [], "start_line": 100}, "JwtValidator.validate": {"executed_lines": [120, 121, 139, 140, 149, 150, 157, 158, 165, 166, 173, 174, 183, 184, 185, 186, 187, 205, 206, 216, 217, 218, 230, 231, 232, 233, 235, 246], "summary": {"covered_lines": 28, "num_statements": 40, "percent_covered": 70.0, "percent_covered_display": "70", "missing_lines": 12, "excluded_lines": 0, "percent_statements_covered": 70.0, "percent_statements_covered_display": "70"}, "missing_lines": [122, 123, 130, 131, 193, 195, 207, 208, 219, 220, 221, 223], "excluded_lines": [], "start_line": 118}, "JwtValidator.aclose": {"executed_lines": [], "summary": {"covered_lines": 0, "num_statements": 1, "percent_covered": 0.0, "percent_covered_display": "0", "missing_lines": 1, "excluded_lines": 0, "percent_statements_covered": 0.0, "percent_statements_covered_display": "0"}, "missing_lines": [249], "excluded_lines": [], "start_line": 248}, "": {"executed_lines": [24, 26, 27, 28, 29, 31, 32, 33, 34, 35, 36, 42, 50, 51, 59, 60, 61, 62, 63, 64, 65, 66, 67, 69, 72, 75, 79, 80, 83, 84, 89, 90, 91, 92, 93, 94, 97, 100, 118, 248], "summary": {"covered_lines": 40, "num_statements": 40, "percent_covered": 100.0, "percent_covered_display": "100", "missing_lines": 0, "excluded_lines": 0, "percent_statements_covered": 100.0, "percent_statements_covered_display": "100"}, "missing_lines": [], "excluded_lines": [], "start_line": 1}}, "classes": {"Principal": {"executed_lines": [], "summary": {"covered_lines": 0, "num_statements": 3, "percent_covered": 0.0, "percent_covered_display": "0", "missing_lines": 3, "excluded_lines": 0, "percent_statements_covered": 0.0, "percent_statements_covered_display": "0"}, "missing_lines": [70, 73, 76], "excluded_lines": [], "start_line": 51}, "JwtSettings": {"executed_lines": [], "summary": {"covered_lines": 0, "num_statements": 0, "percent_covered": 100.0, "percent_covered_display": "100", "missing_lines": 0, "excluded_lines": 0, "percent_statements_covered": 100.0, "percent_statements_covered_display": "100"}, "missing_lines": [], "excluded_lines": [], "start_line": 83}, "JwtValidator": {"executed_lines": [107, 108, 109, 110, 112, 120, 121, 139, 140, 149, 150, 157, 158, 165, 166, 173, 174, 183, 184, 185, 186, 187, 205, 206, 216, 217, 218, 230, 231, 232, 233, 235, 246], "summary": {"covered_lines": 33, "num_statements": 46, "percent_covered": 71.73913043478261, "percent_covered_display": "72", "missing_lines": 13, "excluded_lines": 0, "percent_statements_covered": 71.73913043478261, "percent_statements_covered_display": "72"}, "missing_lines": [122, 123, 130, 131, 193, 195, 207, 208, 219, 220, 221, 223, 249], "excluded_lines": [], "start_line": 97}, "": {"executed_lines": [24, 26, 27, 28, 29, 31, 32, 33, 34, 35, 36, 42, 50, 51, 59, 60, 61, 62, 63, 64, 65, 66, 67, 69, 72, 75, 79, 80, 83, 84, 89, 90, 91, 92, 93, 94, 97, 100, 118, 248], "summary": {"covered_lines": 40, "num_statements": 40, "percent_covered": 100.0, "percent_covered_display": "100", "missing_lines": 0, "excluded_lines": 0, "percent_statements_covered": 100.0, "percent_statements_covered_display": "100"}, "missing_lines": [], "excluded_lines": [], "start_line": 1}}}, "packages/qx-auth/src/qx/auth/oidc/__init__.py": {"executed_lines": [18, 20, 21, 22, 23, 25, 30, 33, 34, 35, 36, 37, 38, 39, 40, 41, 42, 45, 48, 59], "summary": {"covered_lines": 20, "num_statements": 45, "percent_covered": 44.44444444444444, "percent_covered_display": "44", "missing_lines": 25, "excluded_lines": 2, "percent_statements_covered": 44.44444444444444, "percent_statements_covered_display": "44"}, "missing_lines": [54, 55, 56, 57, 60, 61, 62, 63, 65, 67, 68, 69, 70, 71, 72, 73, 74, 75, 82, 83, 84, 94, 95, 102, 103], "excluded_lines": [27, 28], "functions": {"OidcDiscovery.__init__": {"executed_lines": [], "summary": {"covered_lines": 0, "num_statements": 4, "percent_covered": 0.0, "percent_covered_display": "0", "missing_lines": 4, "excluded_lines": 0, "percent_statements_covered": 0.0, "percent_statements_covered_display": "0"}, "missing_lines": [54, 55, 56, 57], "excluded_lines": [], "start_line": 48}, "OidcDiscovery.fetch": {"executed_lines": [], "summary": {"covered_lines": 0, "num_statements": 21, "percent_covered": 0.0, "percent_covered_display": "0", "missing_lines": 21, "excluded_lines": 0, "percent_statements_covered": 0.0, "percent_statements_covered_display": "0"}, "missing_lines": [60, 61, 62, 63, 65, 67, 68, 69, 70, 71, 72, 73, 74, 75, 82, 83, 84, 94, 95, 102, 103], "excluded_lines": [], "start_line": 59}, "": {"executed_lines": [18, 20, 21, 22, 23, 25, 30, 33, 34, 35, 36, 37, 38, 39, 40, 41, 42, 45, 48, 59], "summary": {"covered_lines": 20, "num_statements": 20, "percent_covered": 100.0, "percent_covered_display": "100", "missing_lines": 0, "excluded_lines": 2, "percent_statements_covered": 100.0, "percent_statements_covered_display": "100"}, "missing_lines": [], "excluded_lines": [27, 28], "start_line": 1}}, "classes": {"OidcConfiguration": {"executed_lines": [], "summary": {"covered_lines": 0, "num_statements": 0, "percent_covered": 100.0, "percent_covered_display": "100", "missing_lines": 0, "excluded_lines": 0, "percent_statements_covered": 100.0, "percent_statements_covered_display": "100"}, "missing_lines": [], "excluded_lines": [], "start_line": 34}, "OidcDiscovery": {"executed_lines": [], "summary": {"covered_lines": 0, "num_statements": 25, "percent_covered": 0.0, "percent_covered_display": "0", "missing_lines": 25, "excluded_lines": 0, "percent_statements_covered": 0.0, "percent_statements_covered_display": "0"}, "missing_lines": [54, 55, 56, 57, 60, 61, 62, 63, 65, 67, 68, 69, 70, 71, 72, 73, 74, 75, 82, 83, 84, 94, 95, 102, 103], "excluded_lines": [], "start_line": 45}, "": {"executed_lines": [18, 20, 21, 22, 23, 25, 30, 33, 34, 35, 36, 37, 38, 39, 40, 41, 42, 45, 48, 59], "summary": {"covered_lines": 20, "num_statements": 20, "percent_covered": 100.0, "percent_covered_display": "100", "missing_lines": 0, "excluded_lines": 2, "percent_statements_covered": 100.0, "percent_statements_covered_display": "100"}, "missing_lines": [], "excluded_lines": [27, 28], "start_line": 1}}}, "packages/qx-auth/src/qx/auth/policy/__init__.py": {"executed_lines": [16, 18, 19, 20, 22, 23, 30, 41, 42, 43, 44, 47, 48, 49, 50, 53, 54, 57, 58, 61, 63, 65, 66, 67, 68, 70, 73, 74, 76, 77, 78, 84, 87, 88, 90, 91, 92, 93, 99, 102, 105, 106, 108, 119, 120, 121, 122, 129], "summary": {"covered_lines": 48, "num_statements": 50, "percent_covered": 96.0, "percent_covered_display": "96", "missing_lines": 2, "excluded_lines": 3, "percent_statements_covered": 96.0, "percent_statements_covered_display": "96"}, "missing_lines": [79, 97], "excluded_lines": [25, 26, 28], "functions": {"require_permission": {"executed_lines": [63, 65, 70], "summary": {"covered_lines": 3, "num_statements": 3, "percent_covered": 100.0, "percent_covered_display": "100", "missing_lines": 0, "excluded_lines": 0, "percent_statements_covered": 100.0, "percent_statements_covered_display": "100"}, "missing_lines": [], "excluded_lines": [], "start_line": 61}, "require_permission._rule": {"executed_lines": [66, 67, 68], "summary": {"covered_lines": 3, "num_statements": 3, "percent_covered": 100.0, "percent_covered_display": "100", "missing_lines": 0, "excluded_lines": 0, "percent_statements_covered": 100.0, "percent_statements_covered_display": "100"}, "missing_lines": [], "excluded_lines": [], "start_line": 65}, "require_any_permission": {"executed_lines": [74, 76, 84], "summary": {"covered_lines": 3, "num_statements": 3, "percent_covered": 100.0, "percent_covered_display": "100", "missing_lines": 0, "excluded_lines": 0, "percent_statements_covered": 100.0, "percent_statements_covered_display": "100"}, "missing_lines": [], "excluded_lines": [], "start_line": 73}, "require_any_permission._rule": {"executed_lines": [77, 78], "summary": {"covered_lines": 2, "num_statements": 3, "percent_covered": 66.66666666666667, "percent_covered_display": "67", "missing_lines": 1, "excluded_lines": 0, "percent_statements_covered": 66.66666666666667, "percent_statements_covered_display": "67"}, "missing_lines": [79], "excluded_lines": [], "start_line": 76}, "require_all_permissions": {"executed_lines": [88, 90, 99], "summary": {"covered_lines": 3, "num_statements": 3, "percent_covered": 100.0, "percent_covered_display": "100", "missing_lines": 0, "excluded_lines": 0, "percent_statements_covered": 100.0, "percent_statements_covered_display": "100"}, "missing_lines": [], "excluded_lines": [], "start_line": 87}, "require_all_permissions._rule": {"executed_lines": [91, 92, 93], "summary": {"covered_lines": 3, "num_statements": 4, "percent_covered": 75.0, "percent_covered_display": "75", "missing_lines": 1, "excluded_lines": 0, "percent_statements_covered": 75.0, "percent_statements_covered_display": "75"}, "missing_lines": [97], "excluded_lines": [], "start_line": 90}, "PolicyEvaluator.__init__": {"executed_lines": [106], "summary": {"covered_lines": 1, "num_statements": 1, "percent_covered": 100.0, "percent_covered_display": "100", "missing_lines": 0, "excluded_lines": 0, "percent_statements_covered": 100.0, "percent_statements_covered_display": "100"}, "missing_lines": [], "excluded_lines": [], "start_line": 105}, "PolicyEvaluator.evaluate": {"executed_lines": [119, 120, 121, 122, 129], "summary": {"covered_lines": 5, "num_statements": 5, "percent_covered": 100.0, "percent_covered_display": "100", "missing_lines": 0, "excluded_lines": 0, "percent_statements_covered": 100.0, "percent_statements_covered_display": "100"}, "missing_lines": [], "excluded_lines": [], "start_line": 108}, "": {"executed_lines": [16, 18, 19, 20, 22, 23, 30, 41, 42, 43, 44, 47, 48, 49, 50, 53, 54, 57, 58, 61, 73, 87, 102, 105, 108], "summary": {"covered_lines": 25, "num_statements": 25, "percent_covered": 100.0, "percent_covered_display": "100", "missing_lines": 0, "excluded_lines": 3, "percent_statements_covered": 100.0, "percent_statements_covered_display": "100"}, "missing_lines": [], "excluded_lines": [25, 26, 28], "start_line": 1}}, "classes": {"Decision": {"executed_lines": [], "summary": {"covered_lines": 0, "num_statements": 0, "percent_covered": 100.0, "percent_covered_display": "100", "missing_lines": 0, "excluded_lines": 0, "percent_statements_covered": 100.0, "percent_statements_covered_display": "100"}, "missing_lines": [], "excluded_lines": [], "start_line": 41}, "PolicyResult": {"executed_lines": [], "summary": {"covered_lines": 0, "num_statements": 0, "percent_covered": 100.0, "percent_covered_display": "100", "missing_lines": 0, "excluded_lines": 0, "percent_statements_covered": 100.0, "percent_statements_covered_display": "100"}, "missing_lines": [], "excluded_lines": [], "start_line": 48}, "Policy": {"executed_lines": [], "summary": {"covered_lines": 0, "num_statements": 0, "percent_covered": 100.0, "percent_covered_display": "100", "missing_lines": 0, "excluded_lines": 0, "percent_statements_covered": 100.0, "percent_statements_covered_display": "100"}, "missing_lines": [], "excluded_lines": [], "start_line": 54}, "PolicyEvaluator": {"executed_lines": [106, 119, 120, 121, 122, 129], "summary": {"covered_lines": 6, "num_statements": 6, "percent_covered": 100.0, "percent_covered_display": "100", "missing_lines": 0, "excluded_lines": 0, "percent_statements_covered": 100.0, "percent_statements_covered_display": "100"}, "missing_lines": [], "excluded_lines": [], "start_line": 102}, "": {"executed_lines": [16, 18, 19, 20, 22, 23, 30, 41, 42, 43, 44, 47, 48, 49, 50, 53, 54, 57, 58, 61, 63, 65, 66, 67, 68, 70, 73, 74, 76, 77, 78, 84, 87, 88, 90, 91, 92, 93, 99, 102, 105, 108], "summary": {"covered_lines": 42, "num_statements": 44, "percent_covered": 95.45454545454545, "percent_covered_display": "95", "missing_lines": 2, "excluded_lines": 3, "percent_statements_covered": 95.45454545454545, "percent_statements_covered_display": "95"}, "missing_lines": [79, 97], "excluded_lines": [25, 26, 28], "start_line": 1}}}, "packages/qx-auth/src/qx/auth/rate_limit/__init__.py": {"executed_lines": [17, 19, 20, 21, 23, 28, 31, 67, 68, 69, 70, 73, 76, 91, 94, 113], "summary": {"covered_lines": 16, "num_statements": 31, "percent_covered": 51.61290322580645, "percent_covered_display": "52", "missing_lines": 15, "excluded_lines": 2, "percent_statements_covered": 51.61290322580645, "percent_statements_covered_display": "52"}, "missing_lines": [85, 86, 87, 88, 89, 92, 98, 99, 109, 110, 111, 115, 116, 117, 118], "excluded_lines": [25, 26], "functions": {"TokenBucket.__init__": {"executed_lines": [], "summary": {"covered_lines": 0, "num_statements": 5, "percent_covered": 0.0, "percent_covered_display": "0", "missing_lines": 5, "excluded_lines": 0, "percent_statements_covered": 0.0, "percent_statements_covered_display": "0"}, "missing_lines": [85, 86, 87, 88, 89], "excluded_lines": [], "start_line": 76}, "TokenBucket._key": {"executed_lines": [], "summary": {"covered_lines": 0, "num_statements": 1, "percent_covered": 0.0, "percent_covered_display": "0", "missing_lines": 1, "excluded_lines": 0, "percent_statements_covered": 0.0, "percent_statements_covered_display": "0"}, "missing_lines": [92], "excluded_lines": [], "start_line": 91}, "TokenBucket.take": {"executed_lines": [], "summary": {"covered_lines": 0, "num_statements": 5, "percent_covered": 0.0, "percent_covered_display": "0", "missing_lines": 5, "excluded_lines": 0, "percent_statements_covered": 0.0, "percent_statements_covered_display": "0"}, "missing_lines": [98, 99, 109, 110, 111], "excluded_lines": [], "start_line": 94}, "TokenBucket.check": {"executed_lines": [], "summary": {"covered_lines": 0, "num_statements": 4, "percent_covered": 0.0, "percent_covered_display": "0", "missing_lines": 4, "excluded_lines": 0, "percent_statements_covered": 0.0, "percent_statements_covered_display": "0"}, "missing_lines": [115, 116, 117, 118], "excluded_lines": [], "start_line": 113}, "": {"executed_lines": [17, 19, 20, 21, 23, 28, 31, 67, 68, 69, 70, 73, 76, 91, 94, 113], "summary": {"covered_lines": 16, "num_statements": 16, "percent_covered": 100.0, "percent_covered_display": "100", "missing_lines": 0, "excluded_lines": 2, "percent_statements_covered": 100.0, "percent_statements_covered_display": "100"}, "missing_lines": [], "excluded_lines": [25, 26], "start_line": 1}}, "classes": {"TokenBucketResult": {"executed_lines": [], "summary": {"covered_lines": 0, "num_statements": 0, "percent_covered": 100.0, "percent_covered_display": "100", "missing_lines": 0, "excluded_lines": 0, "percent_statements_covered": 100.0, "percent_statements_covered_display": "100"}, "missing_lines": [], "excluded_lines": [], "start_line": 68}, "TokenBucket": {"executed_lines": [], "summary": {"covered_lines": 0, "num_statements": 15, "percent_covered": 0.0, "percent_covered_display": "0", "missing_lines": 15, "excluded_lines": 0, "percent_statements_covered": 0.0, "percent_statements_covered_display": "0"}, "missing_lines": [85, 86, 87, 88, 89, 92, 98, 99, 109, 110, 111, 115, 116, 117, 118], "excluded_lines": [], "start_line": 73}, "": {"executed_lines": [17, 19, 20, 21, 23, 28, 31, 67, 68, 69, 70, 73, 76, 91, 94, 113], "summary": {"covered_lines": 16, "num_statements": 16, "percent_covered": 100.0, "percent_covered_display": "100", "missing_lines": 0, "excluded_lines": 2, "percent_statements_covered": 100.0, "percent_statements_covered_display": "100"}, "missing_lines": [], "excluded_lines": [25, 26], "start_line": 1}}}, "packages/qx-auth/src/qx/auth/rbac/__init__.py": {"executed_lines": [31, 33, 35, 38, 39, 42, 44, 51, 52, 54, 55, 56, 57, 58, 59, 60, 61, 64, 65, 73, 74], "summary": {"covered_lines": 21, "num_statements": 21, "percent_covered": 100.0, "percent_covered_display": "100", "missing_lines": 0, "excluded_lines": 0, "percent_statements_covered": 100.0, "percent_statements_covered_display": "100"}, "missing_lines": [], "excluded_lines": [], "functions": {"Permission.matches": {"executed_lines": [51, 52, 54, 55, 56, 57, 58, 59, 60, 61], "summary": {"covered_lines": 10, "num_statements": 10, "percent_covered": 100.0, "percent_covered_display": "100", "missing_lines": 0, "excluded_lines": 0, "percent_statements_covered": 100.0, "percent_statements_covered_display": "100"}, "missing_lines": [], "excluded_lines": [], "start_line": 44}, "": {"executed_lines": [31, 33, 35, 38, 39, 42, 44, 64, 65, 73, 74], "summary": {"covered_lines": 11, "num_statements": 11, "percent_covered": 100.0, "percent_covered_display": "100", "missing_lines": 0, "excluded_lines": 0, "percent_statements_covered": 100.0, "percent_statements_covered_display": "100"}, "missing_lines": [], "excluded_lines": [], "start_line": 1}}, "classes": {"Permission": {"executed_lines": [51, 52, 54, 55, 56, 57, 58, 59, 60, 61], "summary": {"covered_lines": 10, "num_statements": 10, "percent_covered": 100.0, "percent_covered_display": "100", "missing_lines": 0, "excluded_lines": 0, "percent_statements_covered": 100.0, "percent_statements_covered_display": "100"}, "missing_lines": [], "excluded_lines": [], "start_line": 39}, "Role": {"executed_lines": [], "summary": {"covered_lines": 0, "num_statements": 0, "percent_covered": 100.0, "percent_covered_display": "100", "missing_lines": 0, "excluded_lines": 0, "percent_statements_covered": 100.0, "percent_statements_covered_display": "100"}, "missing_lines": [], "excluded_lines": [], "start_line": 65}, "": {"executed_lines": [31, 33, 35, 38, 39, 42, 44, 64, 65, 73, 74], "summary": {"covered_lines": 11, "num_statements": 11, "percent_covered": 100.0, "percent_covered_display": "100", "missing_lines": 0, "excluded_lines": 0, "percent_statements_covered": 100.0, "percent_statements_covered_display": "100"}, "missing_lines": [], "excluded_lines": [], "start_line": 1}}}, "packages/qx-auth/src/qx/auth/revocation/__init__.py": {"executed_lines": [14, 16, 21, 23, 26, 33, 34, 35, 37, 38, 40, 42, 44, 46, 47, 50, 51], "summary": {"covered_lines": 17, "num_statements": 17, "percent_covered": 100.0, "percent_covered_display": "100", "missing_lines": 0, "excluded_lines": 2, "percent_statements_covered": 100.0, "percent_statements_covered_display": "100"}, "missing_lines": [], "excluded_lines": [18, 19], "functions": {"RedisRevocationStore.__init__": {"executed_lines": [34, 35], "summary": {"covered_lines": 2, "num_statements": 2, "percent_covered": 100.0, "percent_covered_display": "100", "missing_lines": 0, "excluded_lines": 0, "percent_statements_covered": 100.0, "percent_statements_covered_display": "100"}, "missing_lines": [], "excluded_lines": [], "start_line": 33}, "RedisRevocationStore._key": {"executed_lines": [38], "summary": {"covered_lines": 1, "num_statements": 1, "percent_covered": 100.0, "percent_covered_display": "100", "missing_lines": 0, "excluded_lines": 0, "percent_statements_covered": 100.0, "percent_statements_covered_display": "100"}, "missing_lines": [], "excluded_lines": [], "start_line": 37}, "RedisRevocationStore.revoke": {"executed_lines": [42], "summary": {"covered_lines": 1, "num_statements": 1, "percent_covered": 100.0, "percent_covered_display": "100", "missing_lines": 0, "excluded_lines": 0, "percent_statements_covered": 100.0, "percent_statements_covered_display": "100"}, "missing_lines": [], "excluded_lines": [], "start_line": 40}, "RedisRevocationStore.is_revoked": {"executed_lines": [46, 47], "summary": {"covered_lines": 2, "num_statements": 2, "percent_covered": 100.0, "percent_covered_display": "100", "missing_lines": 0, "excluded_lines": 0, "percent_statements_covered": 100.0, "percent_statements_covered_display": "100"}, "missing_lines": [], "excluded_lines": [], "start_line": 44}, "RedisRevocationStore.__call__": {"executed_lines": [51], "summary": {"covered_lines": 1, "num_statements": 1, "percent_covered": 100.0, "percent_covered_display": "100", "missing_lines": 0, "excluded_lines": 0, "percent_statements_covered": 100.0, "percent_statements_covered_display": "100"}, "missing_lines": [], "excluded_lines": [], "start_line": 50}, "": {"executed_lines": [14, 16, 21, 23, 26, 33, 37, 40, 44, 50], "summary": {"covered_lines": 10, "num_statements": 10, "percent_covered": 100.0, "percent_covered_display": "100", "missing_lines": 0, "excluded_lines": 2, "percent_statements_covered": 100.0, "percent_statements_covered_display": "100"}, "missing_lines": [], "excluded_lines": [18, 19], "start_line": 1}}, "classes": {"RedisRevocationStore": {"executed_lines": [34, 35, 38, 42, 46, 47, 51], "summary": {"covered_lines": 7, "num_statements": 7, "percent_covered": 100.0, "percent_covered_display": "100", "missing_lines": 0, "excluded_lines": 0, "percent_statements_covered": 100.0, "percent_statements_covered_display": "100"}, "missing_lines": [], "excluded_lines": [], "start_line": 26}, "": {"executed_lines": [14, 16, 21, 23, 26, 33, 37, 40, 44, 50], "summary": {"covered_lines": 10, "num_statements": 10, "percent_covered": 100.0, "percent_covered_display": "100", "missing_lines": 0, "excluded_lines": 2, "percent_statements_covered": 100.0, "percent_statements_covered_display": "100"}, "missing_lines": [], "excluded_lines": [18, 19], "start_line": 1}}}, "packages/qx-auth/tests/test_auth_http.py": {"executed_lines": [13, 15, 16, 17, 19, 20, 21, 22, 23, 24, 25, 35, 42, 43, 44, 45, 46, 47, 48, 55, 56, 57, 60, 61, 62, 69, 70, 71, 77, 78, 79, 81, 82, 83, 85, 86, 87, 90, 91, 92, 103, 106, 107, 108, 109, 110, 111, 119, 121, 122, 123, 125, 126, 127, 128, 129, 130, 132, 133, 134, 136, 137, 138, 140, 143, 144, 145, 146, 147, 148, 149, 150, 153, 154, 155, 156, 157, 158, 161, 162, 163, 164, 165, 166, 169, 172, 173, 174, 175, 176, 177, 180, 181, 182, 183, 184, 185, 188, 189, 190, 191, 192, 193, 196, 199, 200, 201, 202, 203, 204, 212, 215, 216, 218, 219, 221, 222, 225, 226, 227, 228, 230, 232, 234, 237, 238, 239, 240, 241, 242, 245, 246, 247, 248, 251, 252, 253, 254, 255, 256, 258, 259, 262, 263, 266, 267, 268, 269, 277, 278, 279, 282, 283, 284, 287, 288, 289, 290, 292, 295, 298, 299, 301, 308, 309, 312, 314, 315, 320, 322, 323, 324, 326, 327, 330, 331, 336, 338, 339, 340, 342, 343, 344, 347, 348, 350, 351, 352, 354, 355, 356], "summary": {"covered_lines": 191, "num_statements": 191, "percent_covered": 100.0, "percent_covered_display": "100", "missing_lines": 0, "excluded_lines": 0, "percent_statements_covered": 100.0, "percent_statements_covered_display": "100"}, "missing_lines": [], "excluded_lines": [], "functions": {"rsa_key": {"executed_lines": [57], "summary": {"covered_lines": 1, "num_statements": 1, "percent_covered": 100.0, "percent_covered_display": "100", "missing_lines": 0, "excluded_lines": 0, "percent_statements_covered": 100.0, "percent_statements_covered_display": "100"}, "missing_lines": [], "excluded_lines": [], "start_line": 56}, "private_pem": {"executed_lines": [62], "summary": {"covered_lines": 1, "num_statements": 1, "percent_covered": 100.0, "percent_covered_display": "100", "missing_lines": 0, "excluded_lines": 0, "percent_statements_covered": 100.0, "percent_statements_covered_display": "100"}, "missing_lines": [], "excluded_lines": [], "start_line": 61}, "public_pem": {"executed_lines": [71], "summary": {"covered_lines": 1, "num_statements": 1, "percent_covered": 100.0, "percent_covered_display": "100", "missing_lines": 0, "excluded_lines": 0, "percent_statements_covered": 100.0, "percent_statements_covered_display": "100"}, "missing_lines": [], "excluded_lines": [], "start_line": 70}, "_StubJwkClient.__init__": {"executed_lines": [79], "summary": {"covered_lines": 1, "num_statements": 1, "percent_covered": 100.0, "percent_covered_display": "100", "missing_lines": 0, "excluded_lines": 0, "percent_statements_covered": 100.0, "percent_statements_covered_display": "100"}, "missing_lines": [], "excluded_lines": [], "start_line": 78}, "_StubJwkClient.get_signing_key_from_jwt": {"executed_lines": [82, 83, 85, 86, 87], "summary": {"covered_lines": 5, "num_statements": 5, "percent_covered": 100.0, "percent_covered_display": "100", "missing_lines": 0, "excluded_lines": 0, "percent_statements_covered": 100.0, "percent_statements_covered_display": "100"}, "missing_lines": [], "excluded_lines": [], "start_line": 81}, "_mint": {"executed_lines": [91, 92, 103], "summary": {"covered_lines": 3, "num_statements": 3, "percent_covered": 100.0, "percent_covered_display": "100", "missing_lines": 0, "excluded_lines": 0, "percent_statements_covered": 100.0, "percent_statements_covered_display": "100"}, "missing_lines": [], "excluded_lines": [], "start_line": 90}, "validator": {"executed_lines": [108, 109, 110, 111], "summary": {"covered_lines": 4, "num_statements": 4, "percent_covered": 100.0, "percent_covered_display": "100", "missing_lines": 0, "excluded_lines": 0, "percent_statements_covered": 100.0, "percent_statements_covered_display": "100"}, "missing_lines": [], "excluded_lines": [], "start_line": 107}, "_make_app": {"executed_lines": [121, 122, 123, 125, 126, 132, 133, 136, 137, 140], "summary": {"covered_lines": 10, "num_statements": 10, "percent_covered": 100.0, "percent_covered_display": "100", "missing_lines": 0, "excluded_lines": 0, "percent_statements_covered": 100.0, "percent_statements_covered_display": "100"}, "missing_lines": [], "excluded_lines": [], "start_line": 119}, "_make_app.whoami": {"executed_lines": [127, 128, 129, 130], "summary": {"covered_lines": 4, "num_statements": 4, "percent_covered": 100.0, "percent_covered_display": "100", "missing_lines": 0, "excluded_lines": 0, "percent_statements_covered": 100.0, "percent_statements_covered_display": "100"}, "missing_lines": [], "excluded_lines": [], "start_line": 126}, "_make_app.protected": {"executed_lines": [134], "summary": {"covered_lines": 1, "num_statements": 1, "percent_covered": 100.0, "percent_covered_display": "100", "missing_lines": 0, "excluded_lines": 0, "percent_statements_covered": 100.0, "percent_statements_covered_display": "100"}, "missing_lines": [], "excluded_lines": [], "start_line": 133}, "_make_app.optional": {"executed_lines": [138], "summary": {"covered_lines": 1, "num_statements": 1, "percent_covered": 100.0, "percent_covered_display": "100", "missing_lines": 0, "excluded_lines": 0, "percent_statements_covered": 100.0, "percent_statements_covered_display": "100"}, "missing_lines": [], "excluded_lines": [], "start_line": 137}, "test_valid_token_sets_principal_in_context": {"executed_lines": [144, 145, 146, 147, 148, 149, 150], "summary": {"covered_lines": 7, "num_statements": 7, "percent_covered": 100.0, "percent_covered_display": "100", "missing_lines": 0, "excluded_lines": 0, "percent_statements_covered": 100.0, "percent_statements_covered_display": "100"}, "missing_lines": [], "excluded_lines": [], "start_line": 143}, "test_missing_token_does_not_block_public_endpoint": {"executed_lines": [154, 155, 156, 157, 158], "summary": {"covered_lines": 5, "num_statements": 5, "percent_covered": 100.0, "percent_covered_display": "100", "missing_lines": 0, "excluded_lines": 0, "percent_statements_covered": 100.0, "percent_statements_covered_display": "100"}, "missing_lines": [], "excluded_lines": [], "start_line": 153}, "test_invalid_token_does_not_block_public_endpoint": {"executed_lines": [162, 163, 164, 165, 166], "summary": {"covered_lines": 5, "num_statements": 5, "percent_covered": 100.0, "percent_covered_display": "100", "missing_lines": 0, "excluded_lines": 0, "percent_statements_covered": 100.0, "percent_statements_covered_display": "100"}, "missing_lines": [], "excluded_lines": [], "start_line": 161}, "test_require_auth_passes_when_token_present": {"executed_lines": [172, 173, 174, 175, 176, 177], "summary": {"covered_lines": 6, "num_statements": 6, "percent_covered": 100.0, "percent_covered_display": "100", "missing_lines": 0, "excluded_lines": 0, "percent_statements_covered": 100.0, "percent_statements_covered_display": "100"}, "missing_lines": [], "excluded_lines": [], "start_line": 169}, "test_require_auth_returns_401_without_token": {"executed_lines": [181, 182, 183, 184, 185], "summary": {"covered_lines": 5, "num_statements": 5, "percent_covered": 100.0, "percent_covered_display": "100", "missing_lines": 0, "excluded_lines": 0, "percent_statements_covered": 100.0, "percent_statements_covered_display": "100"}, "missing_lines": [], "excluded_lines": [], "start_line": 180}, "test_get_current_principal_is_none_when_unauthenticated": {"executed_lines": [189, 190, 191, 192, 193], "summary": {"covered_lines": 5, "num_statements": 5, "percent_covered": 100.0, "percent_covered_display": "100", "missing_lines": 0, "excluded_lines": 0, "percent_statements_covered": 100.0, "percent_statements_covered_display": "100"}, "missing_lines": [], "excluded_lines": [], "start_line": 188}, "test_get_current_principal_returns_principal_when_authenticated": {"executed_lines": [199, 200, 201, 202, 203, 204], "summary": {"covered_lines": 6, "num_statements": 6, "percent_covered": 100.0, "percent_covered_display": "100", "missing_lines": 0, "excluded_lines": 0, "percent_statements_covered": 100.0, "percent_statements_covered_display": "100"}, "missing_lines": [], "excluded_lines": [], "start_line": 196}, "_StubCache.__init__": {"executed_lines": [216], "summary": {"covered_lines": 1, "num_statements": 1, "percent_covered": 100.0, "percent_covered_display": "100", "missing_lines": 0, "excluded_lines": 0, "percent_statements_covered": 100.0, "percent_statements_covered_display": "100"}, "missing_lines": [], "excluded_lines": [], "start_line": 215}, "_StubCache.set_json": {"executed_lines": [219], "summary": {"covered_lines": 1, "num_statements": 1, "percent_covered": 100.0, "percent_covered_display": "100", "missing_lines": 0, "excluded_lines": 0, "percent_statements_covered": 100.0, "percent_statements_covered_display": "100"}, "missing_lines": [], "excluded_lines": [], "start_line": 218}, "_StubCache.get_json": {"executed_lines": [222], "summary": {"covered_lines": 1, "num_statements": 1, "percent_covered": 100.0, "percent_covered_display": "100", "missing_lines": 0, "excluded_lines": 0, "percent_statements_covered": 100.0, "percent_statements_covered_display": "100"}, "missing_lines": [], "excluded_lines": [], "start_line": 221}, "test_revocation_store_revoke_and_check": {"executed_lines": [226, 227, 228, 230, 232, 234], "summary": {"covered_lines": 6, "num_statements": 6, "percent_covered": 100.0, "percent_covered_display": "100", "missing_lines": 0, "excluded_lines": 0, "percent_statements_covered": 100.0, "percent_statements_covered_display": "100"}, "missing_lines": [], "excluded_lines": [], "start_line": 225}, "test_revocation_store_callable_protocol": {"executed_lines": [238, 239, 240, 241, 242], "summary": {"covered_lines": 5, "num_statements": 5, "percent_covered": 100.0, "percent_covered_display": "100", "missing_lines": 0, "excluded_lines": 0, "percent_statements_covered": 100.0, "percent_statements_covered_display": "100"}, "missing_lines": [], "excluded_lines": [], "start_line": 237}, "test_revocation_store_unknown_jti_not_revoked": {"executed_lines": [246, 247, 248], "summary": {"covered_lines": 3, "num_statements": 3, "percent_covered": 100.0, "percent_covered_display": "100", "missing_lines": 0, "excluded_lines": 0, "percent_statements_covered": 100.0, "percent_statements_covered_display": "100"}, "missing_lines": [], "excluded_lines": [], "start_line": 245}, "test_revocation_store_plugs_into_validator": {"executed_lines": [252, 253, 254, 255, 256, 258, 259, 262, 263, 266, 267, 268, 269], "summary": {"covered_lines": 13, "num_statements": 13, "percent_covered": 100.0, "percent_covered_display": "100", "missing_lines": 0, "excluded_lines": 0, "percent_statements_covered": 100.0, "percent_statements_covered_display": "100"}, "missing_lines": [], "excluded_lines": [], "start_line": 251}, "_EchoResult.__init__": {"executed_lines": [279], "summary": {"covered_lines": 1, "num_statements": 1, "percent_covered": 100.0, "percent_covered_display": "100", "missing_lines": 0, "excluded_lines": 0, "percent_statements_covered": 100.0, "percent_statements_covered_display": "100"}, "missing_lines": [], "excluded_lines": [], "start_line": 278}, "_PlaceOrderHandler.handle": {"executed_lines": [290, 292], "summary": {"covered_lines": 2, "num_statements": 2, "percent_covered": 100.0, "percent_covered_display": "100", "missing_lines": 0, "excluded_lines": 0, "percent_statements_covered": 100.0, "percent_statements_covered_display": "100"}, "missing_lines": [], "excluded_lines": [], "start_line": 289}, "_build_mediator": {"executed_lines": [298, 299, 301, 308, 309], "summary": {"covered_lines": 5, "num_statements": 5, "percent_covered": 100.0, "percent_covered_display": "100", "missing_lines": 0, "excluded_lines": 0, "percent_statements_covered": 100.0, "percent_statements_covered_display": "100"}, "missing_lines": [], "excluded_lines": [], "start_line": 295}, "test_requires_decorator_allows_when_permission_present": {"executed_lines": [314, 315, 320, 322, 323, 324, 326, 327], "summary": {"covered_lines": 8, "num_statements": 8, "percent_covered": 100.0, "percent_covered_display": "100", "missing_lines": 0, "excluded_lines": 0, "percent_statements_covered": 100.0, "percent_statements_covered_display": "100"}, "missing_lines": [], "excluded_lines": [], "start_line": 312}, "test_requires_decorator_denies_when_permission_absent": {"executed_lines": [331, 336, 338, 339, 340, 342, 343, 344], "summary": {"covered_lines": 8, "num_statements": 8, "percent_covered": 100.0, "percent_covered_display": "100", "missing_lines": 0, "excluded_lines": 0, "percent_statements_covered": 100.0, "percent_statements_covered_display": "100"}, "missing_lines": [], "excluded_lines": [], "start_line": 330}, "test_requires_decorator_returns_401_when_no_principal": {"executed_lines": [348, 350, 351, 352, 354, 355, 356], "summary": {"covered_lines": 7, "num_statements": 7, "percent_covered": 100.0, "percent_covered_display": "100", "missing_lines": 0, "excluded_lines": 0, "percent_statements_covered": 100.0, "percent_statements_covered_display": "100"}, "missing_lines": [], "excluded_lines": [], "start_line": 347}, "": {"executed_lines": [13, 15, 16, 17, 19, 20, 21, 22, 23, 24, 25, 35, 42, 43, 44, 45, 46, 47, 48, 55, 56, 60, 61, 69, 70, 77, 78, 81, 90, 106, 107, 119, 143, 153, 161, 169, 180, 188, 196, 212, 215, 218, 221, 225, 237, 245, 251, 277, 278, 282, 283, 284, 287, 288, 289, 295, 312, 330, 347], "summary": {"covered_lines": 59, "num_statements": 59, "percent_covered": 100.0, "percent_covered_display": "100", "missing_lines": 0, "excluded_lines": 0, "percent_statements_covered": 100.0, "percent_statements_covered_display": "100"}, "missing_lines": [], "excluded_lines": [], "start_line": 1}}, "classes": {"_StubJwkClient": {"executed_lines": [79, 82, 83, 85, 86, 87], "summary": {"covered_lines": 6, "num_statements": 6, "percent_covered": 100.0, "percent_covered_display": "100", "missing_lines": 0, "excluded_lines": 0, "percent_statements_covered": 100.0, "percent_statements_covered_display": "100"}, "missing_lines": [], "excluded_lines": [], "start_line": 77}, "_StubJwkClient.get_signing_key_from_jwt._K": {"executed_lines": [], "summary": {"covered_lines": 0, "num_statements": 0, "percent_covered": 100.0, "percent_covered_display": "100", "missing_lines": 0, "excluded_lines": 0, "percent_statements_covered": 100.0, "percent_statements_covered_display": "100"}, "missing_lines": [], "excluded_lines": [], "start_line": 82}, "_StubCache": {"executed_lines": [216, 219, 222], "summary": {"covered_lines": 3, "num_statements": 3, "percent_covered": 100.0, "percent_covered_display": "100", "missing_lines": 0, "excluded_lines": 0, "percent_statements_covered": 100.0, "percent_statements_covered_display": "100"}, "missing_lines": [], "excluded_lines": [], "start_line": 212}, "_EchoResult": {"executed_lines": [279], "summary": {"covered_lines": 1, "num_statements": 1, "percent_covered": 100.0, "percent_covered_display": "100", "missing_lines": 0, "excluded_lines": 0, "percent_statements_covered": 100.0, "percent_statements_covered_display": "100"}, "missing_lines": [], "excluded_lines": [], "start_line": 277}, "_PlaceOrderCommand": {"executed_lines": [], "summary": {"covered_lines": 0, "num_statements": 0, "percent_covered": 100.0, "percent_covered_display": "100", "missing_lines": 0, "excluded_lines": 0, "percent_statements_covered": 100.0, "percent_statements_covered_display": "100"}, "missing_lines": [], "excluded_lines": [], "start_line": 283}, "_PlaceOrderHandler": {"executed_lines": [290, 292], "summary": {"covered_lines": 2, "num_statements": 2, "percent_covered": 100.0, "percent_covered_display": "100", "missing_lines": 0, "excluded_lines": 0, "percent_statements_covered": 100.0, "percent_statements_covered_display": "100"}, "missing_lines": [], "excluded_lines": [], "start_line": 288}, "": {"executed_lines": [13, 15, 16, 17, 19, 20, 21, 22, 23, 24, 25, 35, 42, 43, 44, 45, 46, 47, 48, 55, 56, 57, 60, 61, 62, 69, 70, 71, 77, 78, 81, 90, 91, 92, 103, 106, 107, 108, 109, 110, 111, 119, 121, 122, 123, 125, 126, 127, 128, 129, 130, 132, 133, 134, 136, 137, 138, 140, 143, 144, 145, 146, 147, 148, 149, 150, 153, 154, 155, 156, 157, 158, 161, 162, 163, 164, 165, 166, 169, 172, 173, 174, 175, 176, 177, 180, 181, 182, 183, 184, 185, 188, 189, 190, 191, 192, 193, 196, 199, 200, 201, 202, 203, 204, 212, 215, 218, 221, 225, 226, 227, 228, 230, 232, 234, 237, 238, 239, 240, 241, 242, 245, 246, 247, 248, 251, 252, 253, 254, 255, 256, 258, 259, 262, 263, 266, 267, 268, 269, 277, 278, 282, 283, 284, 287, 288, 289, 295, 298, 299, 301, 308, 309, 312, 314, 315, 320, 322, 323, 324, 326, 327, 330, 331, 336, 338, 339, 340, 342, 343, 344, 347, 348, 350, 351, 352, 354, 355, 356], "summary": {"covered_lines": 179, "num_statements": 179, "percent_covered": 100.0, "percent_covered_display": "100", "missing_lines": 0, "excluded_lines": 0, "percent_statements_covered": 100.0, "percent_statements_covered_display": "100"}, "missing_lines": [], "excluded_lines": [], "start_line": 1}}}, "packages/qx-auth/tests/test_auth_unit.py": {"executed_lines": [7, 9, 10, 11, 13, 14, 15, 16, 17, 28, 33, 34, 35, 38, 39, 40, 47, 48, 49, 55, 56, 57, 70, 73, 76, 77, 79, 80, 81, 83, 84, 85, 91, 92, 93, 94, 95, 96, 97, 98, 99, 100, 101, 104, 105, 106, 107, 108, 109, 110, 111, 114, 115, 116, 117, 118, 119, 120, 121, 124, 125, 126, 127, 128, 129, 130, 131, 134, 136, 141, 142, 143, 144, 145, 146, 147, 150, 151, 152, 154, 155, 156, 157, 158, 159, 160, 166, 167, 168, 171, 172, 173, 174, 175, 178, 179, 185, 186, 193, 194, 195, 196, 199, 200, 201, 202, 203, 206, 207, 208, 209, 212, 213, 214, 215, 216, 219, 220, 221, 222, 223, 225, 226, 227, 228], "summary": {"covered_lines": 125, "num_statements": 125, "percent_covered": 100.0, "percent_covered_display": "100", "missing_lines": 0, "excluded_lines": 0, "percent_statements_covered": 100.0, "percent_statements_covered_display": "100"}, "missing_lines": [], "excluded_lines": [], "functions": {"rsa_key": {"executed_lines": [35], "summary": {"covered_lines": 1, "num_statements": 1, "percent_covered": 100.0, "percent_covered_display": "100", "missing_lines": 0, "excluded_lines": 0, "percent_statements_covered": 100.0, "percent_statements_covered_display": "100"}, "missing_lines": [], "excluded_lines": [], "start_line": 34}, "private_pem": {"executed_lines": [40], "summary": {"covered_lines": 1, "num_statements": 1, "percent_covered": 100.0, "percent_covered_display": "100", "missing_lines": 0, "excluded_lines": 0, "percent_statements_covered": 100.0, "percent_statements_covered_display": "100"}, "missing_lines": [], "excluded_lines": [], "start_line": 39}, "public_pem": {"executed_lines": [49], "summary": {"covered_lines": 1, "num_statements": 1, "percent_covered": 100.0, "percent_covered_display": "100", "missing_lines": 0, "excluded_lines": 0, "percent_statements_covered": 100.0, "percent_statements_covered_display": "100"}, "missing_lines": [], "excluded_lines": [], "start_line": 48}, "_make_token": {"executed_lines": [56, 57, 70], "summary": {"covered_lines": 3, "num_statements": 3, "percent_covered": 100.0, "percent_covered_display": "100", "missing_lines": 0, "excluded_lines": 0, "percent_statements_covered": 100.0, "percent_statements_covered_display": "100"}, "missing_lines": [], "excluded_lines": [], "start_line": 55}, "_StubJwkClient.__init__": {"executed_lines": [77], "summary": {"covered_lines": 1, "num_statements": 1, "percent_covered": 100.0, "percent_covered_display": "100", "missing_lines": 0, "excluded_lines": 0, "percent_statements_covered": 100.0, "percent_statements_covered_display": "100"}, "missing_lines": [], "excluded_lines": [], "start_line": 76}, "_StubJwkClient.get_signing_key_from_jwt": {"executed_lines": [80, 81, 83, 84, 85], "summary": {"covered_lines": 5, "num_statements": 5, "percent_covered": 100.0, "percent_covered_display": "100", "missing_lines": 0, "excluded_lines": 0, "percent_statements_covered": 100.0, "percent_statements_covered_display": "100"}, "missing_lines": [], "excluded_lines": [], "start_line": 79}, "test_valid_token_yields_principal": {"executed_lines": [92, 93, 94, 95, 96, 97, 98, 99, 100, 101], "summary": {"covered_lines": 10, "num_statements": 10, "percent_covered": 100.0, "percent_covered_display": "100", "missing_lines": 0, "excluded_lines": 0, "percent_statements_covered": 100.0, "percent_statements_covered_display": "100"}, "missing_lines": [], "excluded_lines": [], "start_line": 91}, "test_expired_token_rejected": {"executed_lines": [105, 106, 107, 108, 109, 110, 111], "summary": {"covered_lines": 7, "num_statements": 7, "percent_covered": 100.0, "percent_covered_display": "100", "missing_lines": 0, "excluded_lines": 0, "percent_statements_covered": 100.0, "percent_statements_covered_display": "100"}, "missing_lines": [], "excluded_lines": [], "start_line": 104}, "test_wrong_audience_rejected": {"executed_lines": [115, 116, 117, 118, 119, 120, 121], "summary": {"covered_lines": 7, "num_statements": 7, "percent_covered": 100.0, "percent_covered_display": "100", "missing_lines": 0, "excluded_lines": 0, "percent_statements_covered": 100.0, "percent_statements_covered_display": "100"}, "missing_lines": [], "excluded_lines": [], "start_line": 114}, "test_wrong_issuer_rejected": {"executed_lines": [125, 126, 127, 128, 129, 130, 131], "summary": {"covered_lines": 7, "num_statements": 7, "percent_covered": 100.0, "percent_covered_display": "100", "missing_lines": 0, "excluded_lines": 0, "percent_statements_covered": 100.0, "percent_statements_covered_display": "100"}, "missing_lines": [], "excluded_lines": [], "start_line": 124}, "test_invalid_signature_rejected": {"executed_lines": [136, 141, 142, 143, 144, 145, 146, 147], "summary": {"covered_lines": 8, "num_statements": 8, "percent_covered": 100.0, "percent_covered_display": "100", "missing_lines": 0, "excluded_lines": 0, "percent_statements_covered": 100.0, "percent_statements_covered_display": "100"}, "missing_lines": [], "excluded_lines": [], "start_line": 134}, "test_revoked_token_rejected": {"executed_lines": [151, 154, 155, 156, 157, 158, 159, 160], "summary": {"covered_lines": 8, "num_statements": 8, "percent_covered": 100.0, "percent_covered_display": "100", "missing_lines": 0, "excluded_lines": 0, "percent_statements_covered": 100.0, "percent_statements_covered_display": "100"}, "missing_lines": [], "excluded_lines": [], "start_line": 150}, "test_revoked_token_rejected.revoked": {"executed_lines": [152], "summary": {"covered_lines": 1, "num_statements": 1, "percent_covered": 100.0, "percent_covered_display": "100", "missing_lines": 0, "excluded_lines": 0, "percent_statements_covered": 100.0, "percent_statements_covered_display": "100"}, "missing_lines": [], "excluded_lines": [], "start_line": 151}, "test_permission_literal_match": {"executed_lines": [167, 168], "summary": {"covered_lines": 2, "num_statements": 2, "percent_covered": 100.0, "percent_covered_display": "100", "missing_lines": 0, "excluded_lines": 0, "percent_statements_covered": 100.0, "percent_statements_covered_display": "100"}, "missing_lines": [], "excluded_lines": [], "start_line": 166}, "test_permission_wildcard_match": {"executed_lines": [172, 173, 174, 175], "summary": {"covered_lines": 4, "num_statements": 4, "percent_covered": 100.0, "percent_covered_display": "100", "missing_lines": 0, "excluded_lines": 0, "percent_statements_covered": 100.0, "percent_statements_covered_display": "100"}, "missing_lines": [], "excluded_lines": [], "start_line": 171}, "test_permission_global_wildcard": {"executed_lines": [179], "summary": {"covered_lines": 1, "num_statements": 1, "percent_covered": 100.0, "percent_covered_display": "100", "missing_lines": 0, "excluded_lines": 0, "percent_statements_covered": 100.0, "percent_statements_covered_display": "100"}, "missing_lines": [], "excluded_lines": [], "start_line": 178}, "_principal": {"executed_lines": [186], "summary": {"covered_lines": 1, "num_statements": 1, "percent_covered": 100.0, "percent_covered_display": "100", "missing_lines": 0, "excluded_lines": 0, "percent_statements_covered": 100.0, "percent_statements_covered_display": "100"}, "missing_lines": [], "excluded_lines": [], "start_line": 185}, "test_require_permission_allows_when_present": {"executed_lines": [194, 195, 196], "summary": {"covered_lines": 3, "num_statements": 3, "percent_covered": 100.0, "percent_covered_display": "100", "missing_lines": 0, "excluded_lines": 0, "percent_statements_covered": 100.0, "percent_statements_covered_display": "100"}, "missing_lines": [], "excluded_lines": [], "start_line": 193}, "test_require_permission_denies_when_absent": {"executed_lines": [200, 201, 202, 203], "summary": {"covered_lines": 4, "num_statements": 4, "percent_covered": 100.0, "percent_covered_display": "100", "missing_lines": 0, "excluded_lines": 0, "percent_statements_covered": 100.0, "percent_statements_covered_display": "100"}, "missing_lines": [], "excluded_lines": [], "start_line": 199}, "test_require_any_permission": {"executed_lines": [207, 208, 209], "summary": {"covered_lines": 3, "num_statements": 3, "percent_covered": 100.0, "percent_covered_display": "100", "missing_lines": 0, "excluded_lines": 0, "percent_statements_covered": 100.0, "percent_statements_covered_display": "100"}, "missing_lines": [], "excluded_lines": [], "start_line": 206}, "test_require_all_permissions": {"executed_lines": [213, 214, 215, 216], "summary": {"covered_lines": 4, "num_statements": 4, "percent_covered": 100.0, "percent_covered_display": "100", "missing_lines": 0, "excluded_lines": 0, "percent_statements_covered": 100.0, "percent_statements_covered_display": "100"}, "missing_lines": [], "excluded_lines": [], "start_line": 212}, "test_custom_policy": {"executed_lines": [220, 225, 226, 227, 228], "summary": {"covered_lines": 5, "num_statements": 5, "percent_covered": 100.0, "percent_covered_display": "100", "missing_lines": 0, "excluded_lines": 0, "percent_statements_covered": 100.0, "percent_statements_covered_display": "100"}, "missing_lines": [], "excluded_lines": [], "start_line": 219}, "test_custom_policy.owner_only": {"executed_lines": [221, 222, 223], "summary": {"covered_lines": 3, "num_statements": 3, "percent_covered": 100.0, "percent_covered_display": "100", "missing_lines": 0, "excluded_lines": 0, "percent_statements_covered": 100.0, "percent_statements_covered_display": "100"}, "missing_lines": [], "excluded_lines": [], "start_line": 220}, "": {"executed_lines": [7, 9, 10, 11, 13, 14, 15, 16, 17, 28, 33, 34, 38, 39, 47, 48, 55, 73, 76, 79, 91, 104, 114, 124, 134, 150, 166, 171, 178, 185, 193, 199, 206, 212, 219], "summary": {"covered_lines": 35, "num_statements": 35, "percent_covered": 100.0, "percent_covered_display": "100", "missing_lines": 0, "excluded_lines": 0, "percent_statements_covered": 100.0, "percent_statements_covered_display": "100"}, "missing_lines": [], "excluded_lines": [], "start_line": 1}}, "classes": {"_StubJwkClient": {"executed_lines": [77, 80, 81, 83, 84, 85], "summary": {"covered_lines": 6, "num_statements": 6, "percent_covered": 100.0, "percent_covered_display": "100", "missing_lines": 0, "excluded_lines": 0, "percent_statements_covered": 100.0, "percent_statements_covered_display": "100"}, "missing_lines": [], "excluded_lines": [], "start_line": 73}, "_StubJwkClient.get_signing_key_from_jwt._K": {"executed_lines": [], "summary": {"covered_lines": 0, "num_statements": 0, "percent_covered": 100.0, "percent_covered_display": "100", "missing_lines": 0, "excluded_lines": 0, "percent_statements_covered": 100.0, "percent_statements_covered_display": "100"}, "missing_lines": [], "excluded_lines": [], "start_line": 80}, "": {"executed_lines": [7, 9, 10, 11, 13, 14, 15, 16, 17, 28, 33, 34, 35, 38, 39, 40, 47, 48, 49, 55, 56, 57, 70, 73, 76, 79, 91, 92, 93, 94, 95, 96, 97, 98, 99, 100, 101, 104, 105, 106, 107, 108, 109, 110, 111, 114, 115, 116, 117, 118, 119, 120, 121, 124, 125, 126, 127, 128, 129, 130, 131, 134, 136, 141, 142, 143, 144, 145, 146, 147, 150, 151, 152, 154, 155, 156, 157, 158, 159, 160, 166, 167, 168, 171, 172, 173, 174, 175, 178, 179, 185, 186, 193, 194, 195, 196, 199, 200, 201, 202, 203, 206, 207, 208, 209, 212, 213, 214, 215, 216, 219, 220, 221, 222, 223, 225, 226, 227, 228], "summary": {"covered_lines": 119, "num_statements": 119, "percent_covered": 100.0, "percent_covered_display": "100", "missing_lines": 0, "excluded_lines": 0, "percent_statements_covered": 100.0, "percent_statements_covered_display": "100"}, "missing_lines": [], "excluded_lines": [], "start_line": 1}}}, "packages/qx-cache/src/qx/cache/__init__.py": {"executed_lines": [3, 5, 6, 7, 9, 11], "summary": {"covered_lines": 6, "num_statements": 6, "percent_covered": 100.0, "percent_covered_display": "100", "missing_lines": 0, "excluded_lines": 0, "percent_statements_covered": 100.0, "percent_statements_covered_display": "100"}, "missing_lines": [], "excluded_lines": [], "functions": {"": {"executed_lines": [3, 5, 6, 7, 9, 11], "summary": {"covered_lines": 6, "num_statements": 6, "percent_covered": 100.0, "percent_covered_display": "100", "missing_lines": 0, "excluded_lines": 0, "percent_statements_covered": 100.0, "percent_statements_covered_display": "100"}, "missing_lines": [], "excluded_lines": [], "start_line": 1}}, "classes": {"": {"executed_lines": [3, 5, 6, 7, 9, 11], "summary": {"covered_lines": 6, "num_statements": 6, "percent_covered": 100.0, "percent_covered_display": "100", "missing_lines": 0, "excluded_lines": 0, "percent_statements_covered": 100.0, "percent_statements_covered_display": "100"}, "missing_lines": [], "excluded_lines": [], "start_line": 1}}}, "packages/qx-cache/src/qx/cache/client/__init__.py": {"executed_lines": [13, 15, 16, 18, 19, 20, 22, 25, 26, 31, 32, 33, 34, 35, 36, 39, 56, 63, 67, 70, 76, 86, 89, 92, 95], "summary": {"covered_lines": 25, "num_statements": 40, "percent_covered": 62.5, "percent_covered_display": "62", "missing_lines": 15, "excluded_lines": 0, "percent_statements_covered": 62.5, "percent_statements_covered_display": "62"}, "missing_lines": [45, 53, 64, 65, 68, 71, 72, 73, 74, 83, 84, 87, 90, 93, 96], "excluded_lines": [], "functions": {"create_client": {"executed_lines": [], "summary": {"covered_lines": 0, "num_statements": 2, "percent_covered": 0.0, "percent_covered_display": "0", "missing_lines": 2, "excluded_lines": 0, "percent_statements_covered": 0.0, "percent_statements_covered_display": "0"}, "missing_lines": [45, 53], "excluded_lines": [], "start_line": 39}, "Cache.__init__": {"executed_lines": [], "summary": {"covered_lines": 0, "num_statements": 2, "percent_covered": 0.0, "percent_covered_display": "0", "missing_lines": 2, "excluded_lines": 0, "percent_statements_covered": 0.0, "percent_statements_covered_display": "0"}, "missing_lines": [64, 65], "excluded_lines": [], "start_line": 63}, "Cache.key": {"executed_lines": [], "summary": {"covered_lines": 0, "num_statements": 1, "percent_covered": 0.0, "percent_covered_display": "0", "missing_lines": 1, "excluded_lines": 0, "percent_statements_covered": 0.0, "percent_statements_covered_display": "0"}, "missing_lines": [68], "excluded_lines": [], "start_line": 67}, "Cache.get_json": {"executed_lines": [], "summary": {"covered_lines": 0, "num_statements": 4, "percent_covered": 0.0, "percent_covered_display": "0", "missing_lines": 4, "excluded_lines": 0, "percent_statements_covered": 0.0, "percent_statements_covered_display": "0"}, "missing_lines": [71, 72, 73, 74], "excluded_lines": [], "start_line": 70}, "Cache.set_json": {"executed_lines": [], "summary": {"covered_lines": 0, "num_statements": 2, "percent_covered": 0.0, "percent_covered_display": "0", "missing_lines": 2, "excluded_lines": 0, "percent_statements_covered": 0.0, "percent_statements_covered_display": "0"}, "missing_lines": [83, 84], "excluded_lines": [], "start_line": 76}, "Cache.delete": {"executed_lines": [], "summary": {"covered_lines": 0, "num_statements": 1, "percent_covered": 0.0, "percent_covered_display": "0", "missing_lines": 1, "excluded_lines": 0, "percent_statements_covered": 0.0, "percent_statements_covered_display": "0"}, "missing_lines": [87], "excluded_lines": [], "start_line": 86}, "Cache.incr": {"executed_lines": [], "summary": {"covered_lines": 0, "num_statements": 1, "percent_covered": 0.0, "percent_covered_display": "0", "missing_lines": 1, "excluded_lines": 0, "percent_statements_covered": 0.0, "percent_statements_covered_display": "0"}, "missing_lines": [90], "excluded_lines": [], "start_line": 89}, "Cache.expire": {"executed_lines": [], "summary": {"covered_lines": 0, "num_statements": 1, "percent_covered": 0.0, "percent_covered_display": "0", "missing_lines": 1, "excluded_lines": 0, "percent_statements_covered": 0.0, "percent_statements_covered_display": "0"}, "missing_lines": [93], "excluded_lines": [], "start_line": 92}, "Cache.exists": {"executed_lines": [], "summary": {"covered_lines": 0, "num_statements": 1, "percent_covered": 0.0, "percent_covered_display": "0", "missing_lines": 1, "excluded_lines": 0, "percent_statements_covered": 0.0, "percent_statements_covered_display": "0"}, "missing_lines": [96], "excluded_lines": [], "start_line": 95}, "": {"executed_lines": [13, 15, 16, 18, 19, 20, 22, 25, 26, 31, 32, 33, 34, 35, 36, 39, 56, 63, 67, 70, 76, 86, 89, 92, 95], "summary": {"covered_lines": 25, "num_statements": 25, "percent_covered": 100.0, "percent_covered_display": "100", "missing_lines": 0, "excluded_lines": 0, "percent_statements_covered": 100.0, "percent_statements_covered_display": "100"}, "missing_lines": [], "excluded_lines": [], "start_line": 1}}, "classes": {"CacheSettings": {"executed_lines": [], "summary": {"covered_lines": 0, "num_statements": 0, "percent_covered": 100.0, "percent_covered_display": "100", "missing_lines": 0, "excluded_lines": 0, "percent_statements_covered": 100.0, "percent_statements_covered_display": "100"}, "missing_lines": [], "excluded_lines": [], "start_line": 25}, "Cache": {"executed_lines": [], "summary": {"covered_lines": 0, "num_statements": 13, "percent_covered": 0.0, "percent_covered_display": "0", "missing_lines": 13, "excluded_lines": 0, "percent_statements_covered": 0.0, "percent_statements_covered_display": "0"}, "missing_lines": [64, 65, 68, 71, 72, 73, 74, 83, 84, 87, 90, 93, 96], "excluded_lines": [], "start_line": 56}, "": {"executed_lines": [13, 15, 16, 18, 19, 20, 22, 25, 26, 31, 32, 33, 34, 35, 36, 39, 56, 63, 67, 70, 76, 86, 89, 92, 95], "summary": {"covered_lines": 25, "num_statements": 27, "percent_covered": 92.5925925925926, "percent_covered_display": "93", "missing_lines": 2, "excluded_lines": 0, "percent_statements_covered": 92.5925925925926, "percent_statements_covered_display": "93"}, "missing_lines": [45, 53], "excluded_lines": [], "start_line": 1}}}, "packages/qx-cache/src/qx/cache/distributed_lock/__init__.py": {"executed_lines": [19, 21, 22, 23, 30, 33, 41, 45, 52, 57, 67, 81, 88, 89], "summary": {"covered_lines": 14, "num_statements": 37, "percent_covered": 37.83783783783784, "percent_covered_display": "38", "missing_lines": 23, "excluded_lines": 3, "percent_statements_covered": 37.83783783783784, "percent_statements_covered_display": "38"}, "missing_lines": [53, 54, 55, 59, 61, 62, 63, 64, 65, 69, 70, 72, 78, 79, 83, 84, 85, 86, 91, 92, 93, 95, 96], "excluded_lines": [25, 26, 28], "functions": {"DistributedLock.__init__": {"executed_lines": [], "summary": {"covered_lines": 0, "num_statements": 3, "percent_covered": 0.0, "percent_covered_display": "0", "missing_lines": 3, "excluded_lines": 0, "percent_statements_covered": 0.0, "percent_statements_covered_display": "0"}, "missing_lines": [53, 54, 55], "excluded_lines": [], "start_line": 52}, "DistributedLock.acquire": {"executed_lines": [], "summary": {"covered_lines": 0, "num_statements": 6, "percent_covered": 0.0, "percent_covered_display": "0", "missing_lines": 6, "excluded_lines": 0, "percent_statements_covered": 0.0, "percent_statements_covered_display": "0"}, "missing_lines": [59, 61, 62, 63, 64, 65], "excluded_lines": [], "start_line": 57}, "DistributedLock.renew": {"executed_lines": [], "summary": {"covered_lines": 0, "num_statements": 5, "percent_covered": 0.0, "percent_covered_display": "0", "missing_lines": 5, "excluded_lines": 0, "percent_statements_covered": 0.0, "percent_statements_covered_display": "0"}, "missing_lines": [69, 70, 72, 78, 79], "excluded_lines": [], "start_line": 67}, "DistributedLock.release": {"executed_lines": [], "summary": {"covered_lines": 0, "num_statements": 4, "percent_covered": 0.0, "percent_covered_display": "0", "missing_lines": 4, "excluded_lines": 0, "percent_statements_covered": 0.0, "percent_statements_covered_display": "0"}, "missing_lines": [83, 84, 85, 86], "excluded_lines": [], "start_line": 81}, "DistributedLock.acquired": {"executed_lines": [], "summary": {"covered_lines": 0, "num_statements": 5, "percent_covered": 0.0, "percent_covered_display": "0", "missing_lines": 5, "excluded_lines": 0, "percent_statements_covered": 0.0, "percent_statements_covered_display": "0"}, "missing_lines": [91, 92, 93, 95, 96], "excluded_lines": [], "start_line": 89}, "": {"executed_lines": [19, 21, 22, 23, 30, 33, 41, 45, 52, 57, 67, 81, 88, 89], "summary": {"covered_lines": 14, "num_statements": 14, "percent_covered": 100.0, "percent_covered_display": "100", "missing_lines": 0, "excluded_lines": 3, "percent_statements_covered": 100.0, "percent_statements_covered_display": "100"}, "missing_lines": [], "excluded_lines": [25, 26, 28], "start_line": 1}}, "classes": {"LockNotHeldError": {"executed_lines": [], "summary": {"covered_lines": 0, "num_statements": 0, "percent_covered": 100.0, "percent_covered_display": "100", "missing_lines": 0, "excluded_lines": 0, "percent_statements_covered": 100.0, "percent_statements_covered_display": "100"}, "missing_lines": [], "excluded_lines": [], "start_line": 41}, "DistributedLock": {"executed_lines": [], "summary": {"covered_lines": 0, "num_statements": 23, "percent_covered": 0.0, "percent_covered_display": "0", "missing_lines": 23, "excluded_lines": 0, "percent_statements_covered": 0.0, "percent_statements_covered_display": "0"}, "missing_lines": [53, 54, 55, 59, 61, 62, 63, 64, 65, 69, 70, 72, 78, 79, 83, 84, 85, 86, 91, 92, 93, 95, 96], "excluded_lines": [], "start_line": 45}, "": {"executed_lines": [19, 21, 22, 23, 30, 33, 41, 45, 52, 57, 67, 81, 88, 89], "summary": {"covered_lines": 14, "num_statements": 14, "percent_covered": 100.0, "percent_covered_display": "100", "missing_lines": 0, "excluded_lines": 3, "percent_statements_covered": 100.0, "percent_statements_covered_display": "100"}, "missing_lines": [], "excluded_lines": [25, 26, 28], "start_line": 1}}}, "packages/qx-cache/src/qx/cache/idempotency/__init__.py": {"executed_lines": [21, 23, 24, 25, 26, 28, 38, 41, 45, 48, 59, 62, 63, 65, 69, 154], "summary": {"covered_lines": 16, "num_statements": 40, "percent_covered": 40.0, "percent_covered_display": "40", "missing_lines": 24, "excluded_lines": 2, "percent_statements_covered": 40.0, "percent_statements_covered_display": "40"}, "missing_lines": [55, 56, 57, 60, 85, 86, 87, 94, 111, 112, 120, 121, 129, 130, 131, 132, 141, 142, 151, 152, 163, 164, 165, 172], "excluded_lines": [35, 36], "functions": {"IdempotencyStore.__init__": {"executed_lines": [], "summary": {"covered_lines": 0, "num_statements": 3, "percent_covered": 0.0, "percent_covered_display": "0", "missing_lines": 3, "excluded_lines": 0, "percent_statements_covered": 0.0, "percent_statements_covered_display": "0"}, "missing_lines": [55, 56, 57], "excluded_lines": [], "start_line": 48}, "IdempotencyStore._key": {"executed_lines": [], "summary": {"covered_lines": 0, "num_statements": 1, "percent_covered": 0.0, "percent_covered_display": "0", "missing_lines": 1, "excluded_lines": 0, "percent_statements_covered": 0.0, "percent_statements_covered_display": "0"}, "missing_lines": [60], "excluded_lines": [], "start_line": 59}, "IdempotencyStore.fingerprint": {"executed_lines": [65], "summary": {"covered_lines": 1, "num_statements": 1, "percent_covered": 100.0, "percent_covered_display": "100", "missing_lines": 0, "excluded_lines": 0, "percent_statements_covered": 100.0, "percent_statements_covered_display": "100"}, "missing_lines": [], "excluded_lines": [], "start_line": 63}, "IdempotencyStore.begin": {"executed_lines": [], "summary": {"covered_lines": 0, "num_statements": 16, "percent_covered": 0.0, "percent_covered_display": "0", "missing_lines": 16, "excluded_lines": 0, "percent_statements_covered": 0.0, "percent_statements_covered_display": "0"}, "missing_lines": [85, 86, 87, 94, 111, 112, 120, 121, 129, 130, 131, 132, 141, 142, 151, 152], "excluded_lines": [], "start_line": 69}, "IdempotencyStore.complete": {"executed_lines": [], "summary": {"covered_lines": 0, "num_statements": 4, "percent_covered": 0.0, "percent_covered_display": "0", "missing_lines": 4, "excluded_lines": 0, "percent_statements_covered": 0.0, "percent_statements_covered_display": "0"}, "missing_lines": [163, 164, 165, 172], "excluded_lines": [], "start_line": 154}, "": {"executed_lines": [21, 23, 24, 25, 26, 28, 38, 41, 45, 48, 59, 62, 63, 69, 154], "summary": {"covered_lines": 15, "num_statements": 15, "percent_covered": 100.0, "percent_covered_display": "100", "missing_lines": 0, "excluded_lines": 2, "percent_statements_covered": 100.0, "percent_statements_covered_display": "100"}, "missing_lines": [], "excluded_lines": [35, 36], "start_line": 1}}, "classes": {"IdempotencyConflictError": {"executed_lines": [], "summary": {"covered_lines": 0, "num_statements": 0, "percent_covered": 100.0, "percent_covered_display": "100", "missing_lines": 0, "excluded_lines": 0, "percent_statements_covered": 100.0, "percent_statements_covered_display": "100"}, "missing_lines": [], "excluded_lines": [], "start_line": 41}, "IdempotencyStore": {"executed_lines": [65], "summary": {"covered_lines": 1, "num_statements": 25, "percent_covered": 4.0, "percent_covered_display": "4", "missing_lines": 24, "excluded_lines": 0, "percent_statements_covered": 4.0, "percent_statements_covered_display": "4"}, "missing_lines": [55, 56, 57, 60, 85, 86, 87, 94, 111, 112, 120, 121, 129, 130, 131, 132, 141, 142, 151, 152, 163, 164, 165, 172], "excluded_lines": [], "start_line": 45}, "": {"executed_lines": [21, 23, 24, 25, 26, 28, 38, 41, 45, 48, 59, 62, 63, 69, 154], "summary": {"covered_lines": 15, "num_statements": 15, "percent_covered": 100.0, "percent_covered_display": "100", "missing_lines": 0, "excluded_lines": 2, "percent_statements_covered": 100.0, "percent_statements_covered_display": "100"}, "missing_lines": [], "excluded_lines": [35, 36], "start_line": 1}}}, "packages/qx-cache/tests/test_cache_unit.py": {"executed_lines": [7, 9, 12, 13, 14, 15, 18, 19, 20, 21, 24, 25, 26, 27], "summary": {"covered_lines": 14, "num_statements": 14, "percent_covered": 100.0, "percent_covered_display": "100", "missing_lines": 0, "excluded_lines": 0, "percent_statements_covered": 100.0, "percent_statements_covered_display": "100"}, "missing_lines": [], "excluded_lines": [], "functions": {"test_fingerprint_is_stable_across_key_order": {"executed_lines": [13, 14, 15], "summary": {"covered_lines": 3, "num_statements": 3, "percent_covered": 100.0, "percent_covered_display": "100", "missing_lines": 0, "excluded_lines": 0, "percent_statements_covered": 100.0, "percent_statements_covered_display": "100"}, "missing_lines": [], "excluded_lines": [], "start_line": 12}, "test_fingerprint_differs_on_value_change": {"executed_lines": [19, 20, 21], "summary": {"covered_lines": 3, "num_statements": 3, "percent_covered": 100.0, "percent_covered_display": "100", "missing_lines": 0, "excluded_lines": 0, "percent_statements_covered": 100.0, "percent_statements_covered_display": "100"}, "missing_lines": [], "excluded_lines": [], "start_line": 18}, "test_fingerprint_handles_nested_structures": {"executed_lines": [25, 26, 27], "summary": {"covered_lines": 3, "num_statements": 3, "percent_covered": 100.0, "percent_covered_display": "100", "missing_lines": 0, "excluded_lines": 0, "percent_statements_covered": 100.0, "percent_statements_covered_display": "100"}, "missing_lines": [], "excluded_lines": [], "start_line": 24}, "": {"executed_lines": [7, 9, 12, 18, 24], "summary": {"covered_lines": 5, "num_statements": 5, "percent_covered": 100.0, "percent_covered_display": "100", "missing_lines": 0, "excluded_lines": 0, "percent_statements_covered": 100.0, "percent_statements_covered_display": "100"}, "missing_lines": [], "excluded_lines": [], "start_line": 1}}, "classes": {"": {"executed_lines": [7, 9, 12, 13, 14, 15, 18, 19, 20, 21, 24, 25, 26, 27], "summary": {"covered_lines": 14, "num_statements": 14, "percent_covered": 100.0, "percent_covered_display": "100", "missing_lines": 0, "excluded_lines": 0, "percent_statements_covered": 100.0, "percent_statements_covered_display": "100"}, "missing_lines": [], "excluded_lines": [], "start_line": 1}}}, "packages/qx-core/src/qx/core/__init__.py": {"executed_lines": [7, 9, 15, 22, 23, 29, 39, 54, 55, 66, 68, 70], "summary": {"covered_lines": 12, "num_statements": 12, "percent_covered": 100.0, "percent_covered_display": "100", "missing_lines": 0, "excluded_lines": 0, "percent_statements_covered": 100.0, "percent_statements_covered_display": "100"}, "missing_lines": [], "excluded_lines": [], "functions": {"": {"executed_lines": [7, 9, 15, 22, 23, 29, 39, 54, 55, 66, 68, 70], "summary": {"covered_lines": 12, "num_statements": 12, "percent_covered": 100.0, "percent_covered_display": "100", "missing_lines": 0, "excluded_lines": 0, "percent_statements_covered": 100.0, "percent_statements_covered_display": "100"}, "missing_lines": [], "excluded_lines": [], "start_line": 1}}, "classes": {"": {"executed_lines": [7, 9, 15, 22, 23, 29, 39, 54, 55, 66, 68, 70], "summary": {"covered_lines": 12, "num_statements": 12, "percent_covered": 100.0, "percent_covered_display": "100", "missing_lines": 0, "excluded_lines": 0, "percent_statements_covered": 100.0, "percent_statements_covered_display": "100"}, "missing_lines": [], "excluded_lines": [], "start_line": 1}}}, "packages/qx-core/src/qx/core/config/__init__.py": {"executed_lines": [19, 21, 22, 23, 25, 26, 28, 30, 33, 34, 35, 36, 40, 46, 47, 48, 53, 56, 57, 58, 59, 62, 63, 64, 65, 68, 76, 85, 86, 87], "summary": {"covered_lines": 30, "num_statements": 31, "percent_covered": 96.7741935483871, "percent_covered_display": "97", "missing_lines": 1, "excluded_lines": 0, "percent_statements_covered": 96.7741935483871, "percent_statements_covered_display": "97"}, "missing_lines": [37], "excluded_lines": [], "functions": {"_detect_env": {"executed_lines": [34, 35, 36], "summary": {"covered_lines": 3, "num_statements": 4, "percent_covered": 75.0, "percent_covered_display": "75", "missing_lines": 1, "excluded_lines": 0, "percent_statements_covered": 75.0, "percent_statements_covered_display": "75"}, "missing_lines": [37], "excluded_lines": [], "start_line": 33}, "_env_file_chain": {"executed_lines": [46, 47, 48, 53], "summary": {"covered_lines": 4, "num_statements": 4, "percent_covered": 100.0, "percent_covered_display": "100", "missing_lines": 0, "excluded_lines": 0, "percent_statements_covered": 100.0, "percent_statements_covered_display": "100"}, "missing_lines": [], "excluded_lines": [], "start_line": 40}, "": {"executed_lines": [19, 21, 22, 23, 25, 26, 28, 30, 33, 40, 56, 57, 58, 59, 62, 63, 64, 65, 68, 76, 85, 86, 87], "summary": {"covered_lines": 23, "num_statements": 23, "percent_covered": 100.0, "percent_covered_display": "100", "missing_lines": 0, "excluded_lines": 0, "percent_statements_covered": 100.0, "percent_statements_covered_display": "100"}, "missing_lines": [], "excluded_lines": [], "start_line": 1}}, "classes": {"AppSection": {"executed_lines": [], "summary": {"covered_lines": 0, "num_statements": 0, "percent_covered": 100.0, "percent_covered_display": "100", "missing_lines": 0, "excluded_lines": 0, "percent_statements_covered": 100.0, "percent_statements_covered_display": "100"}, "missing_lines": [], "excluded_lines": [], "start_line": 56}, "LoggingSection": {"executed_lines": [], "summary": {"covered_lines": 0, "num_statements": 0, "percent_covered": 100.0, "percent_covered_display": "100", "missing_lines": 0, "excluded_lines": 0, "percent_statements_covered": 100.0, "percent_statements_covered_display": "100"}, "missing_lines": [], "excluded_lines": [], "start_line": 62}, "QxSettings": {"executed_lines": [], "summary": {"covered_lines": 0, "num_statements": 0, "percent_covered": 100.0, "percent_covered_display": "100", "missing_lines": 0, "excluded_lines": 0, "percent_statements_covered": 100.0, "percent_statements_covered_display": "100"}, "missing_lines": [], "excluded_lines": [], "start_line": 68}, "": {"executed_lines": [19, 21, 22, 23, 25, 26, 28, 30, 33, 34, 35, 36, 40, 46, 47, 48, 53, 56, 57, 58, 59, 62, 63, 64, 65, 68, 76, 85, 86, 87], "summary": {"covered_lines": 30, "num_statements": 31, "percent_covered": 96.7741935483871, "percent_covered_display": "97", "missing_lines": 1, "excluded_lines": 0, "percent_statements_covered": 96.7741935483871, "percent_statements_covered_display": "97"}, "missing_lines": [37], "excluded_lines": [], "start_line": 1}}}, "packages/qx-core/src/qx/core/context/__init__.py": {"executed_lines": [27, 29, 30, 31, 32, 33, 38, 47, 48, 57, 58, 59, 60, 62, 63, 64, 68, 70, 71, 73, 78, 88, 89, 92, 93, 96, 103, 106, 108, 111, 112, 115, 116, 126, 127, 128, 129, 130, 131, 133], "summary": {"covered_lines": 40, "num_statements": 40, "percent_covered": 100.0, "percent_covered_display": "100", "missing_lines": 0, "excluded_lines": 2, "percent_statements_covered": 100.0, "percent_statements_covered_display": "100"}, "missing_lines": [], "excluded_lines": [35, 36], "functions": {"RequestContext.with_changes": {"executed_lines": [71], "summary": {"covered_lines": 1, "num_statements": 1, "percent
[...]
 289, 291, 293, 294, 295], "summary": {"covered_lines": 9, "num_statements": 9, "percent_covered": 100.0, "percent_covered_display": "100", "missing_lines": 0, "excluded_lines": 0, "percent_statements_covered": 100.0, "percent_statements_covered_display": "100"}, "missing_lines": [], "excluded_lines": [], "start_line": 282}, "test_worker_naks_without_dlq_on_last_attempt": {"executed_lines": [301, 302, 303, 305, 307, 308], "summary": {"covered_lines": 6, "num_statements": 6, "percent_covered": 100.0, "percent_covered_display": "100", "missing_lines": 0, "excluded_lines": 0, "percent_statements_covered": 100.0, "percent_statements_covered_display": "100"}, "missing_lines": [], "excluded_lines": [], "start_line": 299}, "test_worker_acks_even_when_dlq_persist_fails": {"executed_lines": [314, 315, 317, 318, 319, 321, 323, 324], "summary": {"covered_lines": 8, "num_statements": 8, "percent_covered": 100.0, "percent_covered_display": "100", "missing_lines": 0, "excluded_lines": 0, "percent_statements_covered": 100.0, "percent_statements_covered_display": "100"}, "missing_lines": [], "excluded_lines": [], "start_line": 312}, "": {"executed_lines": [10, 12, 13, 14, 15, 17, 18, 19, 20, 21, 22, 23, 30, 52, 80, 81, 82, 101, 102, 117, 118, 129, 130, 143, 144, 156, 157, 174, 179, 189, 195, 200, 205, 210, 215, 225, 226, 229, 230, 234, 257, 258, 281, 282, 298, 299, 311, 312], "summary": {"covered_lines": 48, "num_statements": 48, "percent_covered": 100.0, "percent_covered_display": "100", "missing_lines": 0, "excluded_lines": 0, "percent_statements_covered": 100.0, "percent_statements_covered_display": "100"}, "missing_lines": [], "excluded_lines": [], "start_line": 1}}, "classes": {"_make_session_factory._FakeSession": {"executed_lines": [57, 60], "summary": {"covered_lines": 2, "num_statements": 4, "percent_covered": 50.0, "percent_covered_display": "50", "missing_lines": 2, "excluded_lines": 0, "percent_statements_covered": 50.0, "percent_statements_covered_display": "50"}, "missing_lines": [63, 66], "excluded_lines": [], "start_line": 55}, "TestDeadLetterStore": {"executed_lines": [83, 84, 85, 87, 92, 94, 95, 96, 97, 98, 99, 103, 104, 106, 107, 108, 110, 111, 113, 114, 115, 119, 120, 121, 123, 124, 126, 131, 132, 134, 135, 136, 138, 139, 141, 145, 146, 147, 149, 150, 151, 153, 154, 158, 159, 160, 162, 163, 165, 166], "summary": {"covered_lines": 50, "num_statements": 50, "percent_covered": 100.0, "percent_covered_display": "100", "missing_lines": 0, "excluded_lines": 0, "percent_statements_covered": 100.0, "percent_statements_covered_display": "100"}, "missing_lines": [], "excluded_lines": [], "start_line": 80}, "_FailEvent": {"executed_lines": [], "summary": {"covered_lines": 0, "num_statements": 0, "percent_covered": 100.0, "percent_covered_display": "100", "missing_lines": 0, "excluded_lines": 0, "percent_statements_covered": 100.0, "percent_statements_covered_display": "100"}, "missing_lines": [], "excluded_lines": [], "start_line": 225}, "_BoomHandler": {"executed_lines": [], "summary": {"covered_lines": 0, "num_statements": 1, "percent_covered": 0.0, "percent_covered_display": "0", "missing_lines": 1, "excluded_lines": 0, "percent_statements_covered": 0.0, "percent_statements_covered_display": "0"}, "missing_lines": [231], "excluded_lines": [], "start_line": 229}, "": {"executed_lines": [10, 12, 13, 14, 15, 17, 18, 19, 20, 21, 22, 23, 30, 37, 38, 39, 40, 41, 42, 43, 44, 45, 46, 48, 49, 52, 55, 56, 59, 62, 65, 68, 69, 70, 72, 80, 81, 82, 101, 102, 117, 118, 129, 130, 143, 144, 156, 157, 174, 175, 176, 179, 180, 181, 189, 190, 191, 192, 195, 196, 197, 200, 201, 202, 205, 206, 207, 210, 211, 212, 215, 216, 217, 225, 226, 229, 230, 234, 239, 240, 241, 242, 243, 245, 246, 248, 257, 258, 260, 262, 263, 265, 266, 268, 269, 270, 272, 274, 275, 276, 277, 278, 281, 282, 284, 285, 287, 288, 289, 291, 293, 294, 295, 298, 299, 301, 302, 303, 305, 307, 308, 311, 312, 314, 315, 317, 318, 319, 321, 323, 324], "summary": {"covered_lines": 131, "num_statements": 131, "percent_covered": 100.0, "percent_covered_display": "100", "missing_lines": 0, "excluded_lines": 0, "percent_statements_covered": 100.0, "percent_statements_covered_display": "100"}, "missing_lines": [], "excluded_lines": [], "start_line": 1}}}, "packages/qx-worker/tests/test_worker_unit.py": {"executed_lines": [7, 9, 10, 11, 12, 13, 15, 16, 17, 18, 19, 22, 23, 24, 27, 28, 31, 32, 33, 34, 37, 38, 39, 45, 46, 47, 48, 49, 50, 51, 54, 59, 60, 72, 73, 74, 75, 76, 77, 78, 80, 82, 83, 87, 89, 90, 91, 94, 95, 96, 97, 98, 99, 101, 102, 103, 107, 108, 109, 112, 113, 114, 115, 117, 118, 119, 123, 124, 125, 128, 129, 130, 131, 133, 134, 135, 136, 137, 138, 144, 145, 146, 149, 150, 151, 152, 153, 154, 156, 157, 158, 159, 161, 162, 165, 166, 167, 170, 171, 172, 173, 174, 175, 177, 178, 179, 180, 182, 183, 189, 190, 191, 194, 195, 196, 197, 200, 201, 202, 203, 204, 207, 208, 209, 210, 211, 212, 215, 216, 217, 218, 219, 222, 223, 224, 225, 226, 227, 228, 234, 236, 237, 238, 239, 241, 243, 245, 246, 248, 249, 250, 252, 253, 262, 263, 264, 266, 268, 271, 273, 274, 275, 276, 277, 279, 281, 283, 284, 285, 286, 288, 289, 291, 293, 294, 295, 296, 297, 299, 300, 301, 303, 304, 306, 314, 316, 317, 318, 320, 322], "summary": {"covered_lines": 190, "num_statements": 190, "percent_covered": 100.0, "percent_covered_display": "100", "missing_lines": 0, "excluded_lines": 0, "percent_statements_covered": 100.0, "percent_statements_covered_display": "100"}, "missing_lines": [], "excluded_lines": [], "functions": {"_UserRegisteredHandler.handle": {"executed_lines": [34], "summary": {"covered_lines": 1, "num_statements": 1, "percent_covered": 100.0, "percent_covered_display": "100", "missing_lines": 0, "excluded_lines": 0, "percent_statements_covered": 100.0, "percent_statements_covered_display": "100"}, "missing_lines": [], "excluded_lines": [], "start_line": 33}, "_BoomHandler.handle": {"executed_lines": [39], "summary": {"covered_lines": 1, "num_statements": 1, "percent_covered": 100.0, "percent_covered_display": "100", "missing_lines": 0, "excluded_lines": 0, "percent_statements_covered": 100.0, "percent_statements_covered_display": "100"}, "missing_lines": [], "excluded_lines": [], "start_line": 38}, "_make_msg": {"executed_lines": [46, 47, 48, 49, 50, 51], "summary": {"covered_lines": 6, "num_statements": 6, "percent_covered": 100.0, "percent_covered_display": "100", "missing_lines": 0, "excluded_lines": 0, "percent_statements_covered": 100.0, "percent_statements_covered_display": "100"}, "missing_lines": [], "excluded_lines": [], "start_line": 45}, "_make_runtime": {"executed_lines": [59, 60], "summary": {"covered_lines": 2, "num_statements": 2, "percent_covered": 100.0, "percent_covered_display": "100", "missing_lines": 0, "excluded_lines": 0, "percent_statements_covered": 100.0, "percent_statements_covered_display": "100"}, "missing_lines": [], "excluded_lines": [], "start_line": 54}, "test_handler_ack_on_success": {"executed_lines": [73, 74, 75, 76, 77, 78, 80, 82, 83, 87, 89, 90, 91], "summary": {"covered_lines": 13, "num_statements": 13, "percent_covered": 100.0, "percent_covered_display": "100", "missing_lines": 0, "excluded_lines": 0, "percent_statements_covered": 100.0, "percent_statements_covered_display": "100"}, "missing_lines": [], "excluded_lines": [], "start_line": 72}, "test_handler_nak_on_exception": {"executed_lines": [95, 96, 97, 98, 99, 101, 102, 103, 107, 108, 109], "summary": {"covered_lines": 11, "num_statements": 11, "percent_covered": 100.0, "percent_covered_display": "100", "missing_lines": 0, "excluded_lines": 0, "percent_statements_covered": 100.0, "percent_statements_covered_display": "100"}, "missing_lines": [], "excluded_lines": [], "start_line": 94}, "test_unknown_event_type_acks_and_drops": {"executed_lines": [113, 114, 115, 117, 118, 119, 123, 124, 125], "summary": {"covered_lines": 9, "num_statements": 9, "percent_covered": 100.0, "percent_covered_display": "100", "missing_lines": 0, "excluded_lines": 0, "percent_statements_covered": 100.0, "percent_statements_covered_display": "100"}, "missing_lines": [], "excluded_lines": [], "start_line": 112}, "test_malformed_payload_naks": {"executed_lines": [129, 130, 131, 133, 134, 135, 136, 137, 138], "summary": {"covered_lines": 9, "num_statements": 9, "percent_covered": 100.0, "percent_covered_display": "100", "missing_lines": 0, "excluded_lines": 0, "percent_statements_covered": 100.0, "percent_statements_covered_display": "100"}, "missing_lines": [], "excluded_lines": [], "start_line": 128}, "_PermanentHandler.handle": {"executed_lines": [146], "summary": {"covered_lines": 1, "num_statements": 1, "percent_covered": 100.0, "percent_covered_display": "100", "missing_lines": 0, "excluded_lines": 0, "percent_statements_covered": 100.0, "percent_statements_covered_display": "100"}, "missing_lines": [], "excluded_lines": [], "start_line": 145}, "test_permanent_error_acks_and_drops": {"executed_lines": [150, 151, 152, 153, 154, 156, 157, 158, 159, 161, 162], "summary": {"covered_lines": 11, "num_statements": 11, "percent_covered": 100.0, "percent_covered_display": "100", "missing_lines": 0, "excluded_lines": 0, "percent_statements_covered": 100.0, "percent_statements_covered_display": "100"}, "missing_lines": [], "excluded_lines": [], "start_line": 149}, "_TransientHandler.handle": {"executed_lines": [167], "summary": {"covered_lines": 1, "num_statements": 1, "percent_covered": 100.0, "percent_covered_display": "100", "missing_lines": 0, "excluded_lines": 0, "percent_statements_covered": 100.0, "percent_statements_covered_display": "100"}, "missing_lines": [], "excluded_lines": [], "start_line": 166}, "test_transient_error_naks": {"executed_lines": [171, 172, 173, 174, 175, 177, 178, 179, 180, 182, 183], "summary": {"covered_lines": 11, "num_statements": 11, "percent_covered": 100.0, "percent_covered_display": "100", "missing_lines": 0, "excluded_lines": 0, "percent_statements_covered": 100.0, "percent_statements_covered_display": "100"}, "missing_lines": [], "excluded_lines": [], "start_line": 170}, "test_health_not_healthy_before_start": {"executed_lines": [190, 191], "summary": {"covered_lines": 2, "num_statements": 2, "percent_covered": 100.0, "percent_covered_display": "100", "missing_lines": 0, "excluded_lines": 0, "percent_statements_covered": 100.0, "percent_statements_covered_display": "100"}, "missing_lines": [], "excluded_lines": [], "start_line": 189}, "test_health_healthy_after_start": {"executed_lines": [195, 196, 197], "summary": {"covered_lines": 3, "num_statements": 3, "percent_covered": 100.0, "percent_covered_display": "100", "missing_lines": 0, "excluded_lines": 0, "percent_statements_covered": 100.0, "percent_statements_covered_display": "100"}, "missing_lines": [], "excluded_lines": [], "start_line": 194}, "test_health_not_healthy_after_stop": {"executed_lines": [201, 202, 203, 204], "summary": {"covered_lines": 4, "num_statements": 4, "percent_covered": 100.0, "percent_covered_display": "100", "missing_lines": 0, "excluded_lines": 0, "percent_statements_covered": 100.0, "percent_statements_covered_display": "100"}, "missing_lines": [], "excluded_lines": [], "start_line": 200}, "test_health_stalled_when_no_activity_exceeds_threshold": {"executed_lines": [208, 209, 210, 211, 212], "summary": {"covered_lines": 5, "num_statements": 5, "percent_covered": 100.0, "percent_covered_display": "100", "missing_lines": 0, "excluded_lines": 0, "percent_statements_covered": 100.0, "percent_statements_covered_display": "100"}, "missing_lines": [], "excluded_lines": [], "start_line": 207}, "test_health_not_stalled_within_threshold": {"executed_lines": [216, 217, 218, 219], "summary": {"covered_lines": 4, "num_statements": 4, "percent_covered": 100.0, "percent_covered_display": "100", "missing_lines": 0, "excluded_lines": 0, "percent_statements_covered": 100.0, "percent_statements_covered_display": "100"}, "missing_lines": [], "excluded_lines": [], "start_line": 215}, "test_health_activity_resets_stall_clock": {"executed_lines": [223, 224, 225, 226, 227, 228], "summary": {"covered_lines": 6, "num_statements": 6, "percent_covered": 100.0, "percent_covered_display": "100", "missing_lines": 0, "excluded_lines": 0, "percent_statements_covered": 100.0, "percent_statements_covered_display": "100"}, "missing_lines": [], "excluded_lines": [], "start_line": 222}, "test_run_marks_started_and_stopped": {"executed_lines": [236, 237, 238, 239, 241, 243, 248, 249, 252, 253, 262, 266, 268], "summary": {"covered_lines": 13, "num_statements": 13, "percent_covered": 100.0, "percent_covered_display": "100", "missing_lines": 0, "excluded_lines": 0, "percent_statements_covered": 100.0, "percent_statements_covered_display": "100"}, "missing_lines": [], "excluded_lines": [], "start_line": 234}, "test_run_marks_started_and_stopped._fetch_timeout": {"executed_lines": [245, 246], "summary": {"covered_lines": 2, "num_statements": 2, "percent_covered": 100.0, "percent_covered_display": "100", "missing_lines": 0, "excluded_lines": 0, "percent_statements_covered": 100.0, "percent_statements_covered_display": "100"}, "missing_lines": [], "excluded_lines": [], "start_line": 243}, "test_run_marks_started_and_stopped._messages": {"executed_lines": [250], "summary": {"covered_lines": 1, "num_statements": 1, "percent_covered": 100.0, "percent_covered_display": "100", "missing_lines": 0, "excluded_lines": 0, "percent_statements_covered": 100.0, "percent_statements_covered_display": "100"}, "missing_lines": [], "excluded_lines": [], "start_line": 249}, "test_run_marks_started_and_stopped._stop_soon": {"executed_lines": [263, 264], "summary": {"covered_lines": 2, "num_statements": 2, "percent_covered": 100.0, "percent_covered_display": "100", "missing_lines": 0, "excluded_lines": 0, "percent_statements_covered": 100.0, "percent_statements_covered_display": "100"}, "missing_lines": [], "excluded_lines": [], "start_line": 262}, "test_run_drains_inflight_before_exit": {"executed_lines": [273, 274, 275, 276, 277, 279, 281, 283, 288, 289, 291, 299, 300, 303, 304, 306, 314, 316, 320, 322], "summary": {"covered_lines": 20, "num_statements": 20, "percent_covered": 100.0, "percent_covered_display": "100", "missing_lines": 0, "excluded_lines": 0, "percent_statements_covered": 100.0, "percent_statements_covered_display": "100"}, "missing_lines": [], "excluded_lines": [], "start_line": 271}, "test_run_drains_inflight_before_exit._slow_handle": {"executed_lines": [284, 285, 286], "summary": {"covered_lines": 3, "num_statements": 3, "percent_covered": 100.0, "percent_covered_display": "100", "missing_lines": 0, "excluded_lines": 0, "percent_statements_covered": 100.0, "percent_statements_covered_display": "100"}, "missing_lines": [], "excluded_lines": [], "start_line": 283}, "test_run_drains_inflight_before_exit._fetch": {"executed_lines": [293, 294, 295, 296, 297], "summary": {"covered_lines": 5, "num_statements": 5, "percent_covered": 100.0, "percent_covered_display": "100", "missing_lines": 0, "excluded_lines": 0, "percent_statements_covered": 100.0, "percent_statements_covered_display": "100"}, "missing_lines": [], "excluded_lines": [], "start_line": 291}, "test_run_drains_inflight_before_exit._messages": {"executed_lines": [301], "summary": {"covered_lines": 1, "num_statements": 1, "percent_covered": 100.0, "percent_covered_display": "100", "missing_lines": 0, "excluded_lines": 0, "percent_statements_covered": 100.0, "percent_statements_covered_display": "100"}, "missing_lines": [], "excluded_lines": [], "start_line": 300}, "test_run_drains_inflight_before_exit._stop_soon": {"executed_lines": [317, 318], "summary": {"covered_lines": 2, "num_statements": 2, "percent_covered": 100.0, "percent_covered_display": "100", "missing_lines": 0, "excluded_lines": 0, "percent_statements_covered": 100.0, "percent_statements_covered_display": "100"}, "missing_lines": [], "excluded_lines": [], "start_line": 316}, "": {"executed_lines": [7, 9, 10, 11, 12, 13, 15, 16, 17, 18, 19, 22, 23, 24, 27, 28, 31, 32, 33, 37, 38, 45, 54, 72, 94, 112, 128, 144, 145, 149, 165, 166, 170, 189, 194, 200, 207, 215, 222, 234, 271], "summary": {"covered_lines": 41, "num_statements": 41, "percent_covered": 100.0, "percent_covered_display": "100", "missing_lines": 0, "excluded_lines": 0, "percent_statements_covered": 100.0, "percent_statements_covered_display": "100"}, "missing_lines": [], "excluded_lines": [], "start_line": 1}}, "classes": {"UserRegistered": {"executed_lines": [], "summary": {"covered_lines": 0, "num_statements": 0, "percent_covered": 100.0, "percent_covered_display": "100", "missing_lines": 0, "excluded_lines": 0, "percent_statements_covered": 100.0, "percent_statements_covered_display": "100"}, "missing_lines": [], "excluded_lines": [], "start_line": 22}, "_Captured": {"executed_lines": [], "summary": {"covered_lines": 0, "num_statements": 0, "percent_covered": 100.0, "percent_covered_display": "100", "missing_lines": 0, "excluded_lines": 0, "percent_statements_covered": 100.0, "percent_statements_covered_display": "100"}, "missing_lines": [], "excluded_lines": [], "start_line": 27}, "_UserRegisteredHandler": {"executed_lines": [34], "summary": {"covered_lines": 1, "num_statements": 1, "percent_covered": 100.0, "percent_covered_display": "100", "missing_lines": 0, "excluded_lines": 0, "percent_statements_covered": 100.0, "percent_statements_covered_display": "100"}, "missing_lines": [], "excluded_lines": [], "start_line": 32}, "_BoomHandler": {"executed_lines": [39], "summary": {"covered_lines": 1, "num_statements": 1, "percent_covered": 100.0, "percent_covered_display": "100", "missing_lines": 0, "excluded_lines": 0, "percent_statements_covered": 100.0, "percent_statements_covered_display": "100"}, "missing_lines": [], "excluded_lines": [], "start_line": 37}, "_PermanentHandler": {"executed_lines": [146], "summary": {"covered_lines": 1, "num_statements": 1, "percent_covered": 100.0, "percent_covered_display": "100", "missing_lines": 0, "excluded_lines": 0, "percent_statements_covered": 100.0, "percent_statements_covered_display": "100"}, "missing_lines": [], "excluded_lines": [], "start_line": 144}, "_TransientHandler": {"executed_lines": [167], "summary": {"covered_lines": 1, "num_statements": 1, "percent_covered": 100.0, "percent_covered_display": "100", "missing_lines": 0, "excluded_lines": 0, "percent_statements_covered": 100.0, "percent_statements_covered_display": "100"}, "missing_lines": [], "excluded_lines": [], "start_line": 165}, "": {"executed_lines": [7, 9, 10, 11, 12, 13, 15, 16, 17, 18, 19, 22, 23, 24, 27, 28, 31, 32, 33, 37, 38, 45, 46, 47, 48, 49, 50, 51, 54, 59, 60, 72, 73, 74, 75, 76, 77, 78, 80, 82, 83, 87, 89, 90, 91, 94, 95, 96, 97, 98, 99, 101, 102, 103, 107, 108, 109, 112, 113, 114, 115, 117, 118, 119, 123, 124, 125, 128, 129, 130, 131, 133, 134, 135, 136, 137, 138, 144, 145, 149, 150, 151, 152, 153, 154, 156, 157, 158, 159, 161, 162, 165, 166, 170, 171, 172, 173, 174, 175, 177, 178, 179, 180, 182, 183, 189, 190, 191, 194, 195, 196, 197, 200, 201, 202, 203, 204, 207, 208, 209, 210, 211, 212, 215, 216, 217, 218, 219, 222, 223, 224, 225, 226, 227, 228, 234, 236, 237, 238, 239, 241, 243, 245, 246, 248, 249, 250, 252, 253, 262, 263, 264, 266, 268, 271, 273, 274, 275, 276, 277, 279, 281, 283, 284, 285, 286, 288, 289, 291, 293, 294, 295, 296, 297, 299, 300, 301, 303, 304, 306, 314, 316, 317, 318, 320, 322], "summary": {"covered_lines": 186, "num_statements": 186, "percent_covered": 100.0, "percent_covered_display": "100", "missing_lines": 0, "excluded_lines": 0, "percent_statements_covered": 100.0, "percent_statements_covered_display": "100"}, "missing_lines": [], "excluded_lines": [], "start_line": 1}}}}, "totals": {"covered_lines": 6455, "num_statements": 7390, "percent_covered": 87.34776725304465, "percent_covered_display": "87", "missing_lines": 935, "excluded_lines": 296, "percent_statements_covered": 87.34776725304465, "percent_statements_covered_display": "87"}}